<?xml version="1.0" ?>
<coverage version="7.14.0" timestamp="1779825160537" lines-valid="15461" lines-covered="6076" line-rate="0.393" branches-valid="3602" branches-covered="841" branch-rate="0.2335" complexity="0">
	<!-- Generated by coverage.py: https://coverage.readthedocs.io/en/7.14.0 -->
	<!-- Based on https://raw.githubusercontent.com/cobertura/web/master/htdocs/xml/coverage-04.dtd -->
	<sources>
		<source>C:\Users\DJ REMIP FLOW\Projetos\redis-om-python</source>
	</sources>
	<packages>
		<package name="." line-rate="0" branch-rate="0" complexity="0">
			<classes>
				<class name="extract_metrics_before_codecarbon.py" filename="extract_metrics_before_codecarbon.py" complexity="0" line-rate="0" branch-rate="0">
					<methods/>
					<lines>
						<line number="1" hits="0"/>
						<line number="2" hits="0"/>
						<line number="3" hits="0"/>
						<line number="4" hits="0"/>
						<line number="9" hits="0"/>
						<line number="12" hits="0"/>
						<line number="16" hits="0"/>
						<line number="26" hits="0"/>
						<line number="29" hits="0"/>
						<line number="32" hits="0"/>
						<line number="34" hits="0"/>
						<line number="43" hits="0"/>
						<line number="44" hits="0"/>
						<line number="45" hits="0" branch="true" condition-coverage="0% (0/2)" missing-branches="46,48"/>
						<line number="46" hits="0"/>
						<line number="48" hits="0"/>
						<line number="50" hits="0"/>
						<line number="51" hits="0"/>
						<line number="55" hits="0"/>
						<line number="56" hits="0"/>
						<line number="57" hits="0"/>
						<line number="58" hits="0"/>
						<line number="60" hits="0"/>
						<line number="62" hits="0"/>
						<line number="63" hits="0"/>
						<line number="64" hits="0"/>
						<line number="65" hits="0"/>
						<line number="66" hits="0"/>
					</lines>
				</class>
				<class name="extract_metrics_before_pylint.py" filename="extract_metrics_before_pylint.py" complexity="0" line-rate="0" branch-rate="0">
					<methods/>
					<lines>
						<line number="1" hits="0"/>
						<line number="2" hits="0"/>
						<line number="3" hits="0"/>
						<line number="4" hits="0"/>
						<line number="5" hits="0"/>
						<line number="8" hits="0"/>
						<line number="9" hits="0"/>
						<line number="11" hits="0"/>
						<line number="14" hits="0"/>
						<line number="16" hits="0"/>
						<line number="24" hits="0"/>
						<line number="25" hits="0"/>
						<line number="26" hits="0"/>
						<line number="27" hits="0"/>
						<line number="30" hits="0"/>
						<line number="31" hits="0"/>
						<line number="32" hits="0"/>
						<line number="33" hits="0"/>
						<line number="34" hits="0"/>
						<line number="36" hits="0" branch="true" condition-coverage="0% (0/2)" missing-branches="37,41"/>
						<line number="37" hits="0"/>
						<line number="38" hits="0"/>
						<line number="41" hits="0"/>
						<line number="42" hits="0" branch="true" condition-coverage="0% (0/2)" missing-branches="43,46"/>
						<line number="43" hits="0"/>
						<line number="44" hits="0"/>
						<line number="46" hits="0"/>
						<line number="54" hits="0" branch="true" condition-coverage="0% (0/2)" missing-branches="55,60"/>
						<line number="55" hits="0"/>
						<line number="56" hits="0"/>
						<line number="57" hits="0"/>
						<line number="58" hits="0"/>
						<line number="60" hits="0"/>
						<line number="63" hits="0"/>
						<line number="64" hits="0"/>
						<line number="65" hits="0"/>
						<line number="66" hits="0"/>
						<line number="67" hits="0"/>
						<line number="73" hits="0"/>
						<line number="76" hits="0"/>
						<line number="77" hits="0" branch="true" condition-coverage="0% (0/2)" missing-branches="78,83"/>
						<line number="78" hits="0"/>
						<line number="79" hits="0"/>
						<line number="80" hits="0"/>
						<line number="81" hits="0"/>
						<line number="83" hits="0"/>
						<line number="91" hits="0"/>
						<line number="92" hits="0"/>
						<line number="93" hits="0"/>
						<line number="94" hits="0"/>
						<line number="97" hits="0"/>
						<line number="98" hits="0"/>
						<line number="106" hits="0"/>
						<line number="107" hits="0"/>
						<line number="108" hits="0"/>
						<line number="109" hits="0"/>
						<line number="110" hits="0"/>
						<line number="112" hits="0"/>
					</lines>
				</class>
				<class name="extract_metrics_before_pytest.py" filename="extract_metrics_before_pytest.py" complexity="0" line-rate="0" branch-rate="0">
					<methods/>
					<lines>
						<line number="1" hits="0"/>
						<line number="2" hits="0"/>
						<line number="3" hits="0"/>
						<line number="4" hits="0"/>
						<line number="9" hits="0"/>
						<line number="13" hits="0"/>
						<line number="16" hits="0"/>
						<line number="19" hits="0"/>
						<line number="21" hits="0" branch="true" condition-coverage="0% (0/2)" missing-branches="22,27"/>
						<line number="22" hits="0" branch="true" condition-coverage="0% (0/2)" missing-branches="23,27"/>
						<line number="23" hits="0" branch="true" condition-coverage="0% (0/2)" missing-branches="22,24"/>
						<line number="24" hits="0"/>
						<line number="25" hits="0"/>
						<line number="27" hits="0" branch="true" condition-coverage="0% (0/2)" missing-branches="28,34"/>
						<line number="28" hits="0"/>
						<line number="29" hits="0"/>
						<line number="30" hits="0"/>
						<line number="31" hits="0"/>
						<line number="34" hits="0"/>
						<line number="36" hits="0"/>
						<line number="37" hits="0"/>
						<line number="38" hits="0"/>
						<line number="39" hits="0"/>
						<line number="41" hits="0"/>
						<line number="61" hits="0"/>
						<line number="62" hits="0"/>
						<line number="63" hits="0"/>
						<line number="64" hits="0"/>
						<line number="65" hits="0"/>
						<line number="66" hits="0"/>
						<line number="67" hits="0"/>
						<line number="68" hits="0"/>
					</lines>
				</class>
				<class name="extract_metrics_before_radon.py" filename="extract_metrics_before_radon.py" complexity="0" line-rate="0" branch-rate="0">
					<methods/>
					<lines>
						<line number="1" hits="0"/>
						<line number="2" hits="0"/>
						<line number="3" hits="0"/>
						<line number="4" hits="0"/>
						<line number="6" hits="0"/>
						<line number="7" hits="0"/>
						<line number="10" hits="0"/>
						<line number="11" hits="0"/>
						<line number="12" hits="0"/>
						<line number="14" hits="0"/>
						<line number="15" hits="0"/>
						<line number="16" hits="0"/>
						<line number="17" hits="0"/>
						<line number="18" hits="0"/>
						<line number="19" hits="0"/>
						<line number="20" hits="0"/>
						<line number="21" hits="0"/>
						<line number="24" hits="0"/>
						<line number="25" hits="0"/>
						<line number="27" hits="0"/>
						<line number="28" hits="0"/>
						<line number="29" hits="0"/>
						<line number="30" hits="0"/>
						<line number="31" hits="0"/>
						<line number="32" hits="0"/>
						<line number="33" hits="0"/>
						<line number="34" hits="0"/>
						<line number="36" hits="0"/>
						<line number="38" hits="0"/>
						<line number="42" hits="0"/>
						<line number="45" hits="0"/>
						<line number="46" hits="0"/>
						<line number="47" hits="0"/>
						<line number="48" hits="0"/>
						<line number="49" hits="0"/>
						<line number="50" hits="0"/>
						<line number="53" hits="0" branch="true" condition-coverage="0% (0/2)" missing-branches="54,61"/>
						<line number="54" hits="0"/>
						<line number="61" hits="0"/>
						<line number="62" hits="0"/>
						<line number="63" hits="0" branch="true" condition-coverage="0% (0/2)" missing-branches="64,78"/>
						<line number="64" hits="0" branch="true" condition-coverage="0% (0/2)" missing-branches="65,66"/>
						<line number="65" hits="0"/>
						<line number="66" hits="0"/>
						<line number="76" hits="0" branch="true" condition-coverage="0% (0/2)" missing-branches="63,77"/>
						<line number="77" hits="0"/>
						<line number="78" hits="0"/>
						<line number="80" hits="0"/>
						<line number="82" hits="0" branch="true" condition-coverage="0% (0/2)" missing-branches="83,120"/>
						<line number="83" hits="0"/>
						<line number="84" hits="0" branch="true" condition-coverage="0% (0/2)" missing-branches="85,92"/>
						<line number="85" hits="0"/>
						<line number="86" hits="0" branch="true" condition-coverage="0% (0/2)" missing-branches="87,88"/>
						<line number="87" hits="0"/>
						<line number="88" hits="0"/>
						<line number="89" hits="0"/>
						<line number="90" hits="0"/>
						<line number="92" hits="0" branch="true" condition-coverage="0% (0/2)" missing-branches="93,107"/>
						<line number="93" hits="0"/>
						<line number="94" hits="0"/>
						<line number="95" hits="0"/>
						<line number="107" hits="0"/>
						<line number="120" hits="0"/>
						<line number="122" hits="0" branch="true" condition-coverage="0% (0/2)" missing-branches="123,147"/>
						<line number="123" hits="0"/>
						<line number="125" hits="0"/>
						<line number="126" hits="0"/>
						<line number="127" hits="0" branch="true" condition-coverage="0% (0/2)" missing-branches="128,130"/>
						<line number="128" hits="0"/>
						<line number="129" hits="0"/>
						<line number="130" hits="0"/>
						<line number="132" hits="0" branch="true" condition-coverage="0% (0/2)" missing-branches="122,133"/>
						<line number="133" hits="0"/>
						<line number="134" hits="0"/>
						<line number="135" hits="0" branch="true" condition-coverage="0% (0/2)" missing-branches="136,138"/>
						<line number="136" hits="0"/>
						<line number="137" hits="0"/>
						<line number="138" hits="0"/>
						<line number="140" hits="0"/>
						<line number="141" hits="0" branch="true" condition-coverage="0% (0/2)" missing-branches="142,144"/>
						<line number="142" hits="0"/>
						<line number="143" hits="0"/>
						<line number="144" hits="0"/>
						<line number="147" hits="0"/>
						<line number="149" hits="0" branch="true" condition-coverage="0% (0/2)" missing-branches="150,157"/>
						<line number="150" hits="0"/>
						<line number="151" hits="0" branch="true" condition-coverage="0% (0/2)" missing-branches="152,155"/>
						<line number="152" hits="0"/>
						<line number="153" hits="0"/>
						<line number="154" hits="0"/>
						<line number="155" hits="0"/>
						<line number="157" hits="0"/>
						<line number="160" hits="0"/>
						<line number="161" hits="0" branch="true" condition-coverage="0% (0/2)" missing-branches="162,164"/>
						<line number="162" hits="0"/>
						<line number="163" hits="0"/>
						<line number="164" hits="0" branch="true" condition-coverage="0% (0/2)" missing-branches="165,166"/>
						<line number="165" hits="0"/>
						<line number="166" hits="0"/>
						<line number="167" hits="0"/>
						<line number="168" hits="0"/>
						<line number="169" hits="0"/>
						<line number="170" hits="0"/>
						<line number="171" hits="0"/>
						<line number="173" hits="0"/>
						<line number="174" hits="0"/>
						<line number="175" hits="0"/>
						<line number="176" hits="0"/>
						<line number="177" hits="0"/>
						<line number="178" hits="0"/>
						<line number="180" hits="0"/>
					</lines>
				</class>
				<class name="extract_score_before_pylint.py" filename="extract_score_before_pylint.py" complexity="0" line-rate="0" branch-rate="0">
					<methods/>
					<lines>
						<line number="1" hits="0"/>
						<line number="2" hits="0"/>
						<line number="4" hits="0"/>
						<line number="5" hits="0"/>
						<line number="7" hits="0"/>
						<line number="9" hits="0"/>
						<line number="16" hits="0"/>
						<line number="17" hits="0"/>
						<line number="18" hits="0" branch="true" condition-coverage="0% (0/2)" missing-branches="19,23"/>
						<line number="19" hits="0" branch="true" condition-coverage="0% (0/2)" missing-branches="18,20"/>
						<line number="20" hits="0"/>
						<line number="21" hits="0"/>
						<line number="23" hits="0"/>
					</lines>
				</class>
				<class name="make_sync.py" filename="make_sync.py" complexity="0" line-rate="0" branch-rate="0">
					<methods/>
					<lines>
						<line number="1" hits="0"/>
						<line number="2" hits="0"/>
						<line number="3" hits="0"/>
						<line number="4" hits="0"/>
						<line number="5" hits="0"/>
						<line number="7" hits="0"/>
						<line number="10" hits="0"/>
						<line number="12" hits="0"/>
						<line number="26" hits="0"/>
						<line number="28" hits="0" branch="true" condition-coverage="0% (0/2)" missing-branches="29,30"/>
						<line number="29" hits="0"/>
						<line number="30" hits="0" branch="true" condition-coverage="0% (0/2)" missing-branches="exit,31"/>
						<line number="31" hits="0" branch="true" condition-coverage="0% (0/2)" missing-branches="32,33"/>
						<line number="32" hits="0"/>
						<line number="33" hits="0" branch="true" condition-coverage="0% (0/2)" missing-branches="34,36"/>
						<line number="34" hits="0"/>
						<line number="36" hits="0"/>
						<line number="39" hits="0"/>
						<line number="40" hits="0"/>
						<line number="43" hits="0"/>
						<line number="44" hits="0"/>
						<line number="45" hits="0"/>
						<line number="46" hits="0"/>
						<line number="48" hits="0"/>
						<line number="61" hits="0"/>
						<line number="63" hits="0"/>
						<line number="64" hits="0" branch="true" condition-coverage="0% (0/2)" missing-branches="65,74"/>
						<line number="65" hits="0" branch="true" condition-coverage="0% (0/2)" missing-branches="64,66"/>
						<line number="66" hits="0" branch="true" condition-coverage="0% (0/2)" missing-branches="67,68"/>
						<line number="67" hits="0"/>
						<line number="68" hits="0" branch="true" condition-coverage="0% (0/2)" missing-branches="65,72"/>
						<line number="72" hits="0"/>
						<line number="74" hits="0"/>
						<line number="77" hits="0"/>
						<line number="82" hits="0" branch="true" condition-coverage="0% (0/2)" missing-branches="83,118"/>
						<line number="83" hits="0"/>
						<line number="84" hits="0" branch="true" condition-coverage="0% (0/2)" missing-branches="82,85"/>
						<line number="85" hits="0"/>
						<line number="86" hits="0"/>
						<line number="90" hits="0"/>
						<line number="91" hits="0"/>
						<line number="92" hits="0"/>
						<line number="96" hits="0"/>
						<line number="97" hits="0"/>
						<line number="99" hits="0" branch="true" condition-coverage="0% (0/2)" missing-branches="101,112"/>
						<line number="101" hits="0" branch="true" condition-coverage="0% (0/2)" missing-branches="102,106"/>
						<line number="102" hits="0"/>
						<line number="103" hits="0"/>
						<line number="106" hits="0" branch="true" condition-coverage="0% (0/2)" missing-branches="108,110"/>
						<line number="108" hits="0"/>
						<line number="110" hits="0"/>
						<line number="112" hits="0"/>
						<line number="114" hits="0"/>
						<line number="115" hits="0"/>
						<line number="118" hits="0"/>
						<line number="119" hits="0" branch="true" condition-coverage="0% (0/2)" missing-branches="120,140"/>
						<line number="120" hits="0"/>
						<line number="121" hits="0"/>
						<line number="125" hits="0"/>
						<line number="131" hits="0"/>
						<line number="136" hits="0"/>
						<line number="137" hits="0"/>
						<line number="140" hits="0"/>
						<line number="141" hits="0" branch="true" condition-coverage="0% (0/2)" missing-branches="142,154"/>
						<line number="142" hits="0"/>
						<line number="143" hits="0"/>
						<line number="145" hits="0"/>
						<line number="150" hits="0"/>
						<line number="151" hits="0"/>
						<line number="154" hits="0"/>
						<line number="160" hits="0" branch="true" condition-coverage="0% (0/2)" missing-branches="exit,161"/>
						<line number="161" hits="0"/>
					</lines>
				</class>
			</classes>
		</package>
		<package name="aredis_om" line-rate="0.6966" branch-rate="0.4483" complexity="0">
			<classes>
				<class name="__init__.py" filename="aredis_om/__init__.py" complexity="0" line-rate="1" branch-rate="1">
					<methods/>
					<lines>
						<line number="1" hits="1"/>
						<line number="2" hits="1"/>
						<line number="3" hits="1"/>
						<line number="4" hits="1"/>
						<line number="5" hits="1"/>
						<line number="6" hits="1"/>
						<line number="20" hits="1"/>
						<line number="24" hits="1"/>
						<line number="26" hits="1"/>
					</lines>
				</class>
				<class name="async_redis.py" filename="aredis_om/async_redis.py" complexity="0" line-rate="1" branch-rate="1">
					<methods/>
					<lines>
						<line number="1" hits="1"/>
					</lines>
				</class>
				<class name="checks.py" filename="aredis_om/checks.py" complexity="0" line-rate="0.4" branch-rate="0">
					<methods/>
					<lines>
						<line number="1" hits="1"/>
						<line number="3" hits="1"/>
						<line number="6" hits="1"/>
						<line number="7" hits="1"/>
						<line number="8" hits="0"/>
						<line number="9" hits="0"/>
						<line number="12" hits="1"/>
						<line number="13" hits="1"/>
						<line number="14" hits="0" branch="true" condition-coverage="0% (0/2)" missing-branches="15,16"/>
						<line number="15" hits="0"/>
						<line number="16" hits="0"/>
						<line number="17" hits="0"/>
						<line number="20" hits="1"/>
						<line number="21" hits="1"/>
						<line number="22" hits="0" branch="true" condition-coverage="0% (0/2)" missing-branches="23,24"/>
						<line number="23" hits="0"/>
						<line number="24" hits="0" branch="true" condition-coverage="0% (0/2)" missing-branches="25,26"/>
						<line number="25" hits="0"/>
						<line number="26" hits="0"/>
						<line number="27" hits="0"/>
					</lines>
				</class>
				<class name="connections.py" filename="aredis_om/connections.py" complexity="0" line-rate="0.9" branch-rate="0.5">
					<methods/>
					<lines>
						<line number="1" hits="1"/>
						<line number="3" hits="1"/>
						<line number="6" hits="1"/>
						<line number="9" hits="1"/>
						<line number="11" hits="1" branch="true" condition-coverage="50% (1/2)" missing-branches="16"/>
						<line number="12" hits="1"/>
						<line number="16" hits="1"/>
						<line number="17" hits="1" branch="true" condition-coverage="50% (1/2)" missing-branches="20"/>
						<line number="18" hits="1"/>
						<line number="20" hits="0"/>
					</lines>
				</class>
				<class name="redisvl.py" filename="aredis_om/redisvl.py" complexity="0" line-rate="0.7051" branch-rate="0.5">
					<methods/>
					<lines>
						<line number="29" hits="1"/>
						<line number="31" hits="1"/>
						<line number="32" hits="1"/>
						<line number="34" hits="1"/>
						<line number="46" hits="1"/>
						<line number="53" hits="1" branch="true" condition-coverage="50% (1/2)" missing-branches="54"/>
						<line number="54" hits="0"/>
						<line number="56" hits="1"/>
						<line number="59" hits="1"/>
						<line number="60" hits="1"/>
						<line number="61" hits="1"/>
						<line number="64" hits="1" branch="true" condition-coverage="100% (2/2)"/>
						<line number="65" hits="1"/>
						<line number="71" hits="1" branch="true" condition-coverage="50% (1/2)" missing-branches="72"/>
						<line number="72" hits="0"/>
						<line number="73" hits="1"/>
						<line number="74" hits="1" branch="true" condition-coverage="50% (1/2)" missing-branches="75"/>
						<line number="75" hits="0"/>
						<line number="76" hits="1" branch="true" condition-coverage="50% (1/2)" missing-branches="77"/>
						<line number="77" hits="0" branch="true" condition-coverage="0% (0/2)" missing-branches="78,79"/>
						<line number="78" hits="0"/>
						<line number="79" hits="0" branch="true" condition-coverage="0% (0/2)" missing-branches="80,81"/>
						<line number="80" hits="0"/>
						<line number="81" hits="0" branch="true" condition-coverage="0% (0/2)" missing-branches="82,83"/>
						<line number="82" hits="0"/>
						<line number="83" hits="0" branch="true" condition-coverage="0% (0/2)" missing-branches="84,85"/>
						<line number="84" hits="0"/>
						<line number="85" hits="1"/>
						<line number="88" hits="1" branch="true" condition-coverage="100% (2/2)"/>
						<line number="89" hits="1"/>
						<line number="90" hits="1"/>
						<line number="93" hits="1" branch="true" condition-coverage="50% (1/2)" missing-branches="94"/>
						<line number="94" hits="0"/>
						<line number="97" hits="1" branch="true" condition-coverage="50% (1/2)" missing-branches="106"/>
						<line number="98" hits="1" branch="true" condition-coverage="100% (2/2)"/>
						<line number="99" hits="1"/>
						<line number="100" hits="1"/>
						<line number="102" hits="1"/>
						<line number="103" hits="1"/>
						<line number="106" hits="0" branch="true" condition-coverage="0% (0/2)" missing-branches="107,115"/>
						<line number="107" hits="0"/>
						<line number="109" hits="0"/>
						<line number="110" hits="0" branch="true" condition-coverage="0% (0/2)" missing-branches="111,115"/>
						<line number="111" hits="0"/>
						<line number="112" hits="0"/>
						<line number="115" hits="0"/>
						<line number="118" hits="1"/>
						<line number="145" hits="1"/>
						<line number="146" hits="1" branch="true" condition-coverage="50% (1/2)" missing-branches="149"/>
						<line number="147" hits="1"/>
						<line number="149" hits="0"/>
						<line number="150" hits="1" branch="true" condition-coverage="100% (2/2)"/>
						<line number="151" hits="1"/>
						<line number="157" hits="1"/>
						<line number="158" hits="1"/>
						<line number="161" hits="1"/>
						<line number="162" hits="1"/>
						<line number="165" hits="1"/>
						<line number="167" hits="1" branch="true" condition-coverage="100% (2/2)"/>
						<line number="168" hits="1"/>
						<line number="169" hits="1" branch="true" condition-coverage="50% (1/2)" missing-branches="170"/>
						<line number="170" hits="0"/>
						<line number="173" hits="1" branch="true" condition-coverage="50% (1/2)" missing-branches="179"/>
						<line number="179" hits="0"/>
						<line number="180" hits="1" branch="true" condition-coverage="50% (1/2)" missing-branches="183"/>
						<line number="181" hits="1"/>
						<line number="183" hits="0"/>
						<line number="185" hits="1"/>
						<line number="186" hits="1" branch="true" condition-coverage="50% (1/2)" missing-branches="167"/>
						<line number="187" hits="1"/>
						<line number="190" hits="1"/>
						<line number="199" hits="1"/>
						<line number="202" hits="1"/>
						<line number="231" hits="1"/>
						<line number="232" hits="1"/>
						<line number="234" hits="1" branch="true" condition-coverage="100% (2/2)"/>
						<line number="235" hits="1"/>
						<line number="237" hits="1"/>
					</lines>
				</class>
				<class name="settings.py" filename="aredis_om/settings.py" complexity="0" line-rate="0.6667" branch-rate="1">
					<methods/>
					<lines>
						<line number="1" hits="1"/>
						<line number="4" hits="1"/>
						<line number="6" hits="0"/>
					</lines>
				</class>
				<class name="sync_redis.py" filename="aredis_om/sync_redis.py" complexity="0" line-rate="0" branch-rate="1">
					<methods/>
					<lines>
						<line number="1" hits="0"/>
					</lines>
				</class>
				<class name="util.py" filename="aredis_om/util.py" complexity="0" line-rate="0.7391" branch-rate="0.5">
					<methods/>
					<lines>
						<line number="1" hits="1"/>
						<line number="2" hits="1"/>
						<line number="3" hits="1"/>
						<line number="4" hits="1"/>
						<line number="7" hits="1"/>
						<line number="8" hits="1"/>
						<line number="10" hits="0"/>
						<line number="12" hits="1"/>
						<line number="15" hits="1"/>
						<line number="17" hits="1"/>
						<line number="20" hits="1"/>
						<line number="21" hits="1"/>
						<line number="22" hits="1"/>
						<line number="23" hits="0"/>
						<line number="24" hits="0"/>
						<line number="27" hits="1"/>
						<line number="31" hits="1"/>
						<line number="33" hits="1" branch="true" condition-coverage="50% (1/2)" missing-branches="34"/>
						<line number="34" hits="0"/>
						<line number="36" hits="1"/>
						<line number="37" hits="1"/>
						<line number="38" hits="0"/>
						<line number="39" hits="0"/>
					</lines>
				</class>
			</classes>
		</package>
		<package name="aredis_om.cli" line-rate="0" branch-rate="0" complexity="0">
			<classes>
				<class name="__init__.py" filename="aredis_om/cli/__init__.py" complexity="0" line-rate="1" branch-rate="1">
					<methods/>
					<lines/>
				</class>
				<class name="main.py" filename="aredis_om/cli/main.py" complexity="0" line-rate="0" branch-rate="0">
					<methods/>
					<lines>
						<line number="5" hits="0"/>
						<line number="7" hits="0"/>
						<line number="8" hits="0"/>
						<line number="9" hits="0"/>
						<line number="12" hits="0"/>
						<line number="13" hits="0"/>
						<line number="14" hits="0"/>
						<line number="16" hits="0"/>
						<line number="20" hits="0"/>
						<line number="21" hits="0"/>
						<line number="22" hits="0"/>
						<line number="25" hits="0" branch="true" condition-coverage="0% (0/2)" missing-branches="exit,26"/>
						<line number="26" hits="0"/>
					</lines>
				</class>
			</classes>
		</package>
		<package name="aredis_om.model" line-rate="0.7432" branch-rate="0.6555" complexity="0">
			<classes>
				<class name="__init__.py" filename="aredis_om/model/__init__.py" complexity="0" line-rate="1" branch-rate="1">
					<methods/>
					<lines>
						<line number="1" hits="1"/>
						<line number="2" hits="1"/>
					</lines>
				</class>
				<class name="encoders.py" filename="aredis_om/model/encoders.py" complexity="0" line-rate="0.5696" branch-rate="0.5">
					<methods/>
					<lines>
						<line number="27" hits="1"/>
						<line number="28" hits="1"/>
						<line number="29" hits="1"/>
						<line number="30" hits="1"/>
						<line number="31" hits="1"/>
						<line number="32" hits="1"/>
						<line number="34" hits="1"/>
						<line number="37" hits="1"/>
						<line number="38" hits="1"/>
						<line number="39" hits="1"/>
						<line number="41" hits="1"/>
						<line number="42" hits="0"/>
						<line number="44" hits="0"/>
						<line number="46" hits="0"/>
						<line number="47" hits="0"/>
						<line number="50" hits="1"/>
						<line number="51" hits="1"/>
						<line number="54" hits="1"/>
						<line number="57" hits="1"/>
						<line number="60" hits="1" branch="true" condition-coverage="100% (2/2)"/>
						<line number="61" hits="1"/>
						<line number="62" hits="1"/>
						<line number="65" hits="1"/>
						<line number="68" hits="1"/>
						<line number="79" hits="1" branch="true" condition-coverage="50% (1/2)" missing-branches="80"/>
						<line number="80" hits="0"/>
						<line number="81" hits="1" branch="true" condition-coverage="50% (1/2)" missing-branches="82"/>
						<line number="82" hits="0"/>
						<line number="84" hits="1" branch="true" condition-coverage="50% (1/2)" missing-branches="85"/>
						<line number="85" hits="0"/>
						<line number="86" hits="0" branch="true" condition-coverage="0% (0/2)" missing-branches="87,88"/>
						<line number="87" hits="0"/>
						<line number="88" hits="0"/>
						<line number="96" hits="0" branch="true" condition-coverage="0% (0/2)" missing-branches="97,98"/>
						<line number="97" hits="0"/>
						<line number="98" hits="0"/>
						<line number="105" hits="1" branch="true" condition-coverage="50% (1/2)" missing-branches="106"/>
						<line number="106" hits="0"/>
						<line number="107" hits="1" branch="true" condition-coverage="100% (2/2)"/>
						<line number="108" hits="1"/>
						<line number="109" hits="1" branch="true" condition-coverage="50% (1/2)" missing-branches="110"/>
						<line number="110" hits="0"/>
						<line number="111" hits="1" branch="true" condition-coverage="100% (2/2)"/>
						<line number="112" hits="1"/>
						<line number="113" hits="1" branch="true" condition-coverage="100% (2/2)"/>
						<line number="114" hits="1"/>
						<line number="115" hits="1" branch="true" condition-coverage="100% (2/2)"/>
						<line number="116" hits="1" branch="true" condition-coverage="50% (1/2)" missing-branches="115"/>
						<line number="126" hits="1"/>
						<line number="134" hits="1"/>
						<line number="142" hits="1"/>
						<line number="143" hits="1"/>
						<line number="144" hits="1" branch="true" condition-coverage="100% (2/2)"/>
						<line number="145" hits="1"/>
						<line number="146" hits="1" branch="true" condition-coverage="100% (2/2)"/>
						<line number="147" hits="1"/>
						<line number="160" hits="1"/>
						<line number="162" hits="1" branch="true" condition-coverage="50% (1/2)" missing-branches="163"/>
						<line number="163" hits="0" branch="true" condition-coverage="0% (0/2)" missing-branches="164,166"/>
						<line number="164" hits="0"/>
						<line number="166" hits="0" branch="true" condition-coverage="0% (0/2)" missing-branches="167,170"/>
						<line number="167" hits="0" branch="true" condition-coverage="0% (0/2)" missing-branches="166,168"/>
						<line number="168" hits="0"/>
						<line number="170" hits="1" branch="true" condition-coverage="50% (1/2)" missing-branches="172"/>
						<line number="171" hits="1"/>
						<line number="172" hits="0" branch="true" condition-coverage="0% (0/2)" missing-branches="173,176"/>
						<line number="173" hits="0" branch="true" condition-coverage="0% (0/2)" missing-branches="172,174"/>
						<line number="174" hits="0"/>
						<line number="176" hits="0"/>
						<line number="177" hits="0"/>
						<line number="178" hits="0"/>
						<line number="179" hits="0"/>
						<line number="180" hits="0"/>
						<line number="181" hits="0"/>
						<line number="182" hits="0"/>
						<line number="183" hits="0"/>
						<line number="184" hits="0"/>
						<line number="185" hits="0"/>
						<line number="186" hits="0"/>
					</lines>
				</class>
				<class name="model.py" filename="aredis_om/model/model.py" complexity="0" line-rate="0.772" branch-rate="0.6837">
					<methods/>
					<lines>
						<line number="1" hits="1"/>
						<line number="2" hits="1"/>
						<line number="3" hits="1"/>
						<line number="4" hits="1"/>
						<line number="5" hits="1"/>
						<line number="6" hits="1"/>
						<line number="7" hits="1"/>
						<line number="8" hits="1"/>
						<line number="9" hits="1"/>
						<line number="10" hits="1"/>
						<line number="11" hits="1"/>
						<line number="27" hits="1"/>
						<line number="29" hits="1"/>
						<line number="30" hits="1"/>
						<line number="33" hits="1"/>
						<line number="34" hits="1"/>
						<line number="36" hits="1"/>
						<line number="37" hits="0"/>
						<line number="39" hits="0"/>
						<line number="41" hits="0"/>
						<line number="42" hits="0"/>
						<line number="43" hits="0"/>
						<line number="44" hits="1" branch="true" condition-coverage="50% (1/2)" missing-branches="53"/>
						<line number="45" hits="1"/>
						<line number="46" hits="1"/>
						<line number="47" hits="1"/>
						<line number="48" hits="1"/>
						<line number="49" hits="1"/>
						<line number="50" hits="1"/>
						<line number="53" hits="0"/>
						<line number="54" hits="0"/>
						<line number="56" hits="0"/>
						<line number="57" hits="0"/>
						<line number="58" hits="0"/>
						<line number="59" hits="0"/>
						<line number="60" hits="1"/>
						<line number="61" hits="1"/>
						<line number="62" hits="1"/>
						<line number="63" hits="1"/>
						<line number="64" hits="1"/>
						<line number="66" hits="1"/>
						<line number="67" hits="1"/>
						<line number="68" hits="1"/>
						<line number="69" hits="1"/>
						<line number="70" hits="1"/>
						<line number="71" hits="1"/>
						<line number="72" hits="1"/>
						<line number="73" hits="1"/>
						<line number="76" hits="1"/>
						<line number="77" hits="1"/>
						<line number="78" hits="1"/>
						<line number="79" hits="1"/>
						<line number="80" hits="1"/>
						<line number="83" hits="1"/>
						<line number="86" hits="1"/>
						<line number="96" hits="1"/>
						<line number="97" hits="1"/>
						<line number="99" hits="1"/>
						<line number="100" hits="1"/>
						<line number="101" hits="1" branch="true" condition-coverage="50% (1/2)" missing-branches="104"/>
						<line number="103" hits="1"/>
						<line number="104" hits="0"/>
						<line number="105" hits="0"/>
						<line number="106" hits="0"/>
						<line number="109" hits="1"/>
						<line number="111" hits="1" branch="true" condition-coverage="100% (2/2)"/>
						<line number="112" hits="1"/>
						<line number="113" hits="1" branch="true" condition-coverage="100% (2/2)"/>
						<line number="114" hits="1"/>
						<line number="115" hits="1" branch="true" condition-coverage="100% (2/2)"/>
						<line number="116" hits="1"/>
						<line number="117" hits="1" branch="true" condition-coverage="100% (2/2)"/>
						<line number="120" hits="1"/>
						<line number="123" hits="1"/>
						<line number="125" hits="1"/>
						<line number="128" hits="1"/>
						<line number="130" hits="1" branch="true" condition-coverage="100% (2/2)"/>
						<line number="131" hits="1"/>
						<line number="132" hits="1" branch="true" condition-coverage="100% (2/2)"/>
						<line number="133" hits="1" branch="true" condition-coverage="100% (2/2)"/>
						<line number="134" hits="1"/>
						<line number="135" hits="1"/>
						<line number="140" hits="1" branch="true" condition-coverage="100% (2/2)"/>
						<line number="142" hits="1"/>
						<line number="143" hits="1"/>
						<line number="148" hits="1" branch="true" condition-coverage="100% (2/2)"/>
						<line number="149" hits="1"/>
						<line number="152" hits="1" branch="true" condition-coverage="100% (2/2)"/>
						<line number="155" hits="1"/>
						<line number="156" hits="1" branch="true" condition-coverage="100% (2/2)"/>
						<line number="157" hits="1"/>
						<line number="162" hits="1"/>
						<line number="166" hits="1" branch="true" condition-coverage="100% (2/2)"/>
						<line number="167" hits="1"/>
						<line number="169" hits="1"/>
						<line number="170" hits="0"/>
						<line number="171" hits="0"/>
						<line number="173" hits="1" branch="true" condition-coverage="100% (2/2)"/>
						<line number="174" hits="1"/>
						<line number="176" hits="1" branch="true" condition-coverage="100% (2/2)"/>
						<line number="181" hits="1"/>
						<line number="185" hits="1"/>
						<line number="186" hits="0"/>
						<line number="187" hits="0"/>
						<line number="189" hits="1" branch="true" condition-coverage="100% (2/2)"/>
						<line number="191" hits="1"/>
						<line number="192" hits="1" branch="true" condition-coverage="100% (2/2)"/>
						<line number="198" hits="1"/>
						<line number="201" hits="1"/>
						<line number="202" hits="1" branch="true" condition-coverage="100% (2/2)"/>
						<line number="207" hits="1"/>
						<line number="214" hits="1"/>
						<line number="215" hits="0"/>
						<line number="216" hits="0"/>
						<line number="218" hits="1"/>
						<line number="220" hits="1"/>
						<line number="223" hits="1"/>
						<line number="224" hits="1"/>
						<line number="225" hits="1" branch="true" condition-coverage="100% (2/2)"/>
						<line number="226" hits="1"/>
						<line number="228" hits="1"/>
						<line number="231" hits="1"/>
						<line number="238" hits="1"/>
						<line number="240" hits="1" branch="true" condition-coverage="100% (2/2)"/>
						<line number="241" hits="1"/>
						<line number="242" hits="1" branch="true" condition-coverage="100% (2/2)"/>
						<line number="243" hits="1"/>
						<line number="244" hits="1" branch="true" condition-coverage="100% (2/2)"/>
						<line number="245" hits="1"/>
						<line number="247" hits="1"/>
						<line number="250" hits="1"/>
						<line number="252" hits="1"/>
						<line number="254" hits="1" branch="true" condition-coverage="100% (2/2)"/>
						<line number="255" hits="1"/>
						<line number="256" hits="1" branch="true" condition-coverage="100% (2/2)"/>
						<line number="257" hits="1" branch="true" condition-coverage="100% (2/2)"/>
						<line number="258" hits="1"/>
						<line number="259" hits="1"/>
						<line number="264" hits="1" branch="true" condition-coverage="100% (2/2)"/>
						<line number="266" hits="1"/>
						<line number="267" hits="1"/>
						<line number="272" hits="1" branch="true" condition-coverage="100% (2/2)"/>
						<line number="273" hits="1"/>
						<line number="276" hits="1" branch="true" condition-coverage="100% (2/2)"/>
						<line number="277" hits="1"/>
						<line number="278" hits="1"/>
						<line number="279" hits="0"/>
						<line number="281" hits="0"/>
						<line number="283" hits="1" branch="true" condition-coverage="100% (2/2)"/>
						<line number="284" hits="1"/>
						<line number="285" hits="1" branch="true" condition-coverage="100% (2/2)"/>
						<line number="290" hits="1"/>
						<line number="294" hits="1"/>
						<line number="295" hits="0"/>
						<line number="296" hits="0"/>
						<line number="298" hits="1" branch="true" condition-coverage="100% (2/2)"/>
						<line number="300" hits="1"/>
						<line number="301" hits="1" branch="true" condition-coverage="100% (2/2)"/>
						<line number="307" hits="1"/>
						<line number="309" hits="1" branch="true" condition-coverage="100% (2/2)"/>
						<line number="310" hits="1"/>
						<line number="311" hits="1" branch="true" condition-coverage="100% (2/2)"/>
						<line number="316" hits="1"/>
						<line number="327" hits="1"/>
						<line number="328" hits="0"/>
						<line number="329" hits="0"/>
						<line number="331" hits="1"/>
						<line number="333" hits="1"/>
						<line number="336" hits="1"/>
						<line number="337" hits="1"/>
						<line number="338" hits="1" branch="true" condition-coverage="100% (2/2)"/>
						<line number="339" hits="1"/>
						<line number="341" hits="1"/>
						<line number="344" hits="1"/>
						<line number="352" hits="1" branch="true" condition-coverage="50% (1/2)" missing-branches="353"/>
						<line number="353" hits="0"/>
						<line number="355" hits="1"/>
						<line number="356" hits="1" branch="true" condition-coverage="100% (2/2)"/>
						<line number="357" hits="1" branch="true" condition-coverage="100% (2/2)"/>
						<line number="358" hits="1"/>
						<line number="359" hits="1"/>
						<line number="360" hits="1" branch="true" condition-coverage="50% (1/2)" missing-branches="368"/>
						<line number="362" hits="1"/>
						<line number="363" hits="1"/>
						<line number="364" hits="0"/>
						<line number="366" hits="0"/>
						<line number="368" hits="0"/>
						<line number="370" hits="1"/>
						<line number="371" hits="1"/>
						<line number="374" hits="1"/>
						<line number="379" hits="1" branch="true" condition-coverage="50% (1/2)" missing-branches="380"/>
						<line number="380" hits="0"/>
						<line number="382" hits="1"/>
						<line number="383" hits="1" branch="true" condition-coverage="100% (2/2)"/>
						<line number="384" hits="1" branch="true" condition-coverage="100% (2/2)"/>
						<line number="385" hits="1"/>
						<line number="386" hits="1"/>
						<line number="387" hits="1" branch="true" condition-coverage="100% (2/2)"/>
						<line number="389" hits="1"/>
						<line number="390" hits="1" branch="true" condition-coverage="50% (1/2)" missing-branches="394"/>
						<line number="392" hits="1"/>
						<line number="394" hits="1"/>
						<line number="395" hits="1"/>
						<line number="396" hits="0"/>
						<line number="398" hits="0"/>
						<line number="400" hits="1"/>
						<line number="402" hits="1"/>
						<line number="403" hits="1"/>
						<line number="406" hits="1"/>
						<line number="413" hits="1" branch="true" condition-coverage="50% (1/2)" missing-branches="414"/>
						<line number="414" hits="0"/>
						<line number="416" hits="1"/>
						<line number="417" hits="1" branch="true" condition-coverage="100% (2/2)"/>
						<line number="418" hits="1" branch="true" condition-coverage="50% (1/2)" missing-branches="419"/>
						<line number="419" hits="0"/>
						<line number="420" hits="0"/>
						<line number="425" hits="0"/>
						<line number="426" hits="0" branch="true" condition-coverage="0% (0/2)" missing-branches="427,431"/>
						<line number="427" hits="0"/>
						<line number="428" hits="0" branch="true" condition-coverage="0% (0/2)" missing-branches="429,431"/>
						<line number="429" hits="0"/>
						<line number="431" hits="0" branch="true" condition-coverage="0% (0/2)" missing-branches="432,434"/>
						<line number="432" hits="0"/>
						<line number="434" hits="0"/>
						<line number="436" hits="1"/>
						<line number="437" hits="1"/>
						<line number="440" hits="1"/>
						<line number="447" hits="1"/>
						<line number="448" hits="1"/>
						<line number="449" hits="1"/>
						<line number="450" hits="1"/>
						<line number="453" hits="1" branch="true" condition-coverage="100% (2/2)"/>
						<line number="454" hits="1" branch="true" condition-coverage="50% (1/2)" missing-branches="456"/>
						<line number="456" hits="0"/>
						<line number="457" hits="0"/>
						<line number="459" hits="0"/>
						<line number="460" hits="0" branch="true" condition-coverage="0% (0/2)" missing-branches="464,481"/>
						<line number="464" hits="0"/>
						<line number="469" hits="0" branch="true" condition-coverage="0% (0/2)" missing-branches="470,478"/>
						<line number="470" hits="0"/>
						<line number="475" hits="0"/>
						<line number="478" hits="0"/>
						<line number="481" hits="0"/>
						<line number="482" hits="0"/>
						<line number="484" hits="0"/>
						<line number="487" hits="1"/>
						<line number="489" hits="1"/>
						<line number="491" hits="1" branch="true" condition-coverage="100% (2/2)"/>
						<line number="497" hits="1"/>
						<line number="500" hits="1"/>
						<line number="501" hits="1"/>
						<line number="504" hits="1" branch="true" condition-coverage="50% (1/2)" missing-branches="517"/>
						<line number="506" hits="1"/>
						<line number="507" hits="1"/>
						<line number="511" hits="1" branch="true" condition-coverage="100% (2/2)"/>
						<line number="512" hits="1"/>
						<line number="517" hits="1"/>
						<line number="519" hits="1"/>
						<line number="521" hits="1"/>
						<line number="522" hits="1"/>
						<line number="525" hits="1" branch="true" condition-coverage="50% (1/2)" missing-branches="527"/>
						<line number="527" hits="0"/>
						<line number="530" hits="1" branch="true" condition-coverage="50% (1/2)" missing-branches="537"/>
						<line number="531" hits="1"/>
						<line number="537" hits="0"/>
						<line number="541" hits="1"/>
						<line number="543" hits="0"/>
						<line number="544" hits="0"/>
						<line number="546" hits="0" branch="true" condition-coverage="0% (0/2)" missing-branches="547,552"/>
						<line number="547" hits="0" branch="true" condition-coverage="0% (0/2)" missing-branches="548,550"/>
						<line number="548" hits="0"/>
						<line number="550" hits="0"/>
						<line number="552" hits="0"/>
						<line number="554" hits="1"/>
						<line number="556" hits="0" branch="true" condition-coverage="0% (0/2)" missing-branches="557,560"/>
						<line number="557" hits="0"/>
						<line number="560" hits="0" branch="true" condition-coverage="0% (0/2)" missing-branches="561,564"/>
						<line number="561" hits="0"/>
						<line number="564" hits="0"/>
						<line number="566" hits="1"/>
						<line number="567" hits="0"/>
						<line number="568" hits="0"/>
						<line number="579" hits="1"/>
						<line number="584" hits="1"/>
						<line number="586" hits="1"/>
						<line number="589" hits="1"/>
						<line number="590" hits="1" branch="true" condition-coverage="50% (1/2)" missing-branches="591"/>
						<line number="591" hits="0"/>
						<line number="592" hits="1" branch="true" condition-coverage="100% (2/2)"/>
						<line number="595" hits="1"/>
						<line number="596" hits="1" branch="true" condition-coverage="100% (2/2)"/>
						<line number="597" hits="1"/>
						<line number="599" hits="1"/>
						<line number="602" hits="1"/>
						<line number="606" hits="1"/>
						<line number="610" hits="1"/>
						<line number="614" hits="1"/>
						<line number="615" hits="1"/>
						<line number="616" hits="1"/>
						<line number="617" hits="1"/>
						<line number="618" hits="1"/>
						<line number="619" hits="1"/>
						<line number="620" hits="1"/>
						<line number="621" hits="1"/>
						<line number="622" hits="1"/>
						<line number="623" hits="1"/>
						<line number="624" hits="1"/>
						<line number="625" hits="1"/>
						<line number="626" hits="1"/>
						<line number="627" hits="1"/>
						<line number="628" hits="1"/>
						<line number="629" hits="1"/>
						<line number="630" hits="1"/>
						<line number="631" hits="1"/>
						<line number="632" hits="1"/>
						<line number="634" hits="1"/>
						<line number="635" hits="0"/>
						<line number="638" hits="1"/>
						<line number="641" hits="1"/>
						<line number="646" hits="0"/>
						<line number="649" hits="1"/>
						<line number="651" hits="1" branch="true" condition-coverage="100% (2/2)"/>
						<line number="652" hits="1"/>
						<line number="653" hits="1"/>
						<line number="654" hits="1"/>
						<line number="657" hits="1"/>
						<line number="658" hits="1" branch="true" condition-coverage="100% (2/2)"/>
						<line number="659" hits="1" branch="true" condition-coverage="100% (2/2)"/>
						<line number="660" hits="1"/>
						<line number="661" hits="1" branch="true" condition-coverage="100% (2/2)"/>
						<line number="662" hits="1" branch="true" condition-coverage="100% (2/2)"/>
						<line number="663" hits="1"/>
						<line number="665" hits="1" branch="true" condition-coverage="50% (1/2)" missing-branches="666"/>
						<line number="666" hits="0"/>
						<line number="670" hits="1"/>
						<line number="671" hits="1"/>
						<line number="673" hits="1" branch="true" condition-coverage="50% (1/2)" missing-branches="674"/>
						<line number="674" hits="0"/>
						<line number="679" hits="1"/>
						<line number="683" hits="0" branch="true" condition-coverage="0% (0/2)" missing-branches="684,685"/>
						<line number="684" hits="0"/>
						<line number="685" hits="0" branch="true" condition-coverage="0% (0/2)" missing-branches="686,689"/>
						<line number="686" hits="0"/>
						<line number="689" hits="0" branch="true" condition-coverage="0% (0/2)" missing-branches="exit,690"/>
						<line number="690" hits="0"/>
						<line number="694" hits="1"/>
						<line number="696" hits="1" branch="true" condition-coverage="50% (1/2)" missing-branches="698"/>
						<line number="697" hits="1"/>
						<line number="698" hits="1"/>
						<line number="701" hits="1"/>
						<line number="705" hits="1"/>
						<line number="710" hits="1"/>
						<line number="711" hits="1" branch="true" condition-coverage="50% (1/2)" missing-branches="712"/>
						<line number="712" hits="0"/>
						<line number="718" hits="1"/>
						<line number="719" hits="1"/>
						<line number="728" hits="1"/>
						<line number="730" hits="1"/>
						<line number="731" hits="0"/>
						<line number="733" hits="1"/>
						<line number="734" hits="1"/>
						<line number="738" hits="1"/>
						<line number="739" hits="0"/>
						<line number="743" hits="1"/>
						<line number="744" hits="1"/>
						<line number="745" hits="0"/>
						<line number="747" hits="1"/>
						<line number="748" hits="1"/>
						<line number="749" hits="0"/>
						<line number="751" hits="1"/>
						<line number="752" hits="1"/>
						<line number="753" hits="0"/>
						<line number="755" hits="1"/>
						<line number="756" hits="1"/>
						<line number="757" hits="0" branch="true" condition-coverage="0% (0/2)" missing-branches="758,760"/>
						<line number="758" hits="0"/>
						<line number="760" hits="0"/>
						<line number="762" hits="1"/>
						<line number="763" hits="1"/>
						<line number="764" hits="0"/>
						<line number="767" hits="1"/>
						<line number="768" hits="1"/>
						<line number="769" hits="1"/>
						<line number="770" hits="1"/>
						<line number="771" hits="1"/>
						<line number="772" hits="1"/>
						<line number="774" hits="1"/>
						<line number="775" hits="1"/>
						<line number="777" hits="1"/>
						<line number="778" hits="1"/>
						<line number="782" hits="1"/>
						<line number="783" hits="1"/>
						<line number="785" hits="1"/>
						<line number="786" hits="1"/>
						<line number="787" hits="0"/>
						<line number="789" hits="1"/>
						<line number="790" hits="1"/>
						<line number="791" hits="0"/>
						<line number="794" hits="1"/>
						<line number="795" hits="1"/>
						<line number="796" hits="1"/>
						<line number="797" hits="1"/>
						<line number="798" hits="1"/>
						<line number="799" hits="1"/>
						<line number="801" hits="1"/>
						<line number="802" hits="1"/>
						<line number="804" hits="1"/>
						<line number="805" hits="1"/>
						<line number="806" hits="1"/>
						<line number="808" hits="1"/>
						<line number="809" hits="1"/>
						<line number="810" hits="1"/>
						<line number="812" hits="1"/>
						<line number="813" hits="1"/>
						<line number="814" hits="1"/>
						<line number="817" hits="1"/>
						<line number="820" hits="1"/>
						<line number="821" hits="1"/>
						<line number="822" hits="1"/>
						<line number="823" hits="1"/>
						<line number="825" hits="1"/>
						<line number="826" hits="1"/>
						<line number="830" hits="1"/>
						<line number="831" hits="1"/>
						<line number="835" hits="1"/>
						<line number="836" hits="1"/>
						<line number="840" hits="1"/>
						<line number="841" hits="1"/>
						<line number="845" hits="1"/>
						<line number="846" hits="1"/>
						<line number="850" hits="1"/>
						<line number="851" hits="1"/>
						<line number="855" hits="1"/>
						<line number="856" hits="1"/>
						<line number="860" hits="1"/>
						<line number="861" hits="1"/>
						<line number="865" hits="1"/>
						<line number="866" hits="1"/>
						<line number="870" hits="1"/>
						<line number="871" hits="1"/>
						<line number="875" hits="1"/>
						<line number="876" hits="1"/>
						<line number="880" hits="1"/>
						<line number="881" hits="1"/>
						<line number="885" hits="1"/>
						<line number="886" hits="1" branch="true" condition-coverage="100% (2/2)"/>
						<line number="887" hits="1"/>
						<line number="888" hits="1"/>
						<line number="889" hits="1" branch="true" condition-coverage="100% (2/2)"/>
						<line number="890" hits="1"/>
						<line number="891" hits="1" branch="true" condition-coverage="50% (1/2)" missing-branches="892"/>
						<line number="892" hits="0"/>
						<line number="897" hits="1"/>
						<line number="898" hits="1"/>
						<line number="900" hits="1"/>
						<line number="902" hits="1" branch="true" condition-coverage="50% (1/2)" missing-branches="909"/>
						<line number="904" hits="1"/>
						<line number="905" hits="1"/>
						<line number="906" hits="1" branch="true" condition-coverage="50% (1/2)" missing-branches="908"/>
						<line number="907" hits="1"/>
						<line number="908" hits="1"/>
						<line number="909" hits="1"/>
						<line number="912" hits="1"/>
						<line number="916" hits="1"/>
						<line number="917" hits="1"/>
						<line number="918" hits="1"/>
						<line number="919" hits="1"/>
						<line number="920" hits="1"/>
						<line number="923" hits="1"/>
						<line number="926" hits="1"/>
						<line number="927" hits="1"/>
						<line number="940" hits="1" branch="true" condition-coverage="50% (1/2)" missing-branches="941"/>
						<line number="941" hits="0"/>
						<line number="947" hits="1"/>
						<line number="948" hits="1"/>
						<line number="949" hits="1"/>
						<line number="950" hits="1"/>
						<line number="951" hits="1"/>
						<line number="952" hits="1"/>
						<line number="953" hits="1"/>
						<line number="955" hits="1" branch="true" condition-coverage="100% (2/2)"/>
						<line number="956" hits="1"/>
						<line number="957" hits="1" branch="true" condition-coverage="100% (2/2)"/>
						<line number="958" hits="1"/>
						<line number="960" hits="1"/>
						<line number="962" hits="1" branch="true" condition-coverage="100% (2/2)"/>
						<line number="963" hits="1"/>
						<line number="965" hits="1"/>
						<line number="967" hits="1"/>
						<line number="969" hits="1"/>
						<line number="970" hits="1"/>
						<line number="971" hits="1"/>
						<line number="972" hits="1"/>
						<line number="974" hits="1"/>
						<line number="975" hits="1"/>
						<line number="987" hits="1"/>
						<line number="988" hits="1"/>
						<line number="989" hits="1"/>
						<line number="990" hits="1"/>
						<line number="992" hits="1"/>
						<line number="993" hits="1"/>
						<line number="994" hits="1" branch="true" condition-coverage="50% (1/2)" missing-branches="995"/>
						<line number="995" hits="0"/>
						<line number="996" hits="1"/>
						<line number="997" hits="1"/>
						<line number="999" hits="1"/>
						<line number="1000" hits="1"/>
						<line number="1001" hits="1" branch="true" condition-coverage="50% (1/2)" missing-branches="1002"/>
						<line number="1002" hits="0"/>
						<line number="1003" hits="1" branch="true" condition-coverage="100% (2/2)"/>
						<line number="1004" hits="1"/>
						<line number="1006" hits="1"/>
						<line number="1009" hits="1"/>
						<line number="1011" hits="1"/>
						<line number="1012" hits="1"/>
						<line number="1019" hits="1" branch="true" condition-coverage="100% (2/2)"/>
						<line number="1020" hits="1"/>
						<line number="1021" hits="1"/>
						<line number="1022" hits="1" branch="true" condition-coverage="100% (2/2)"/>
						<line number="1027" hits="1" branch="true" condition-coverage="100% (2/2)"/>
						<line number="1028" hits="1"/>
						<line number="1029" hits="1"/>
						<line number="1031" hits="1"/>
						<line number="1033" hits="1"/>
						<line number="1034" hits="1" branch="true" condition-coverage="100% (2/2)"/>
						<line number="1035" hits="1" branch="true" condition-coverage="50% (1/2)" missing-branches="1037"/>
						<line number="1037" hits="0"/>
						<line number="1038" hits="1" branch="true" condition-coverage="50% (1/2)" missing-branches="1039"/>
						<line number="1039" hits="0"/>
						<line number="1043" hits="1"/>
						<line number="1045" hits="1"/>
						<line number="1047" hits="0"/>
						<line number="1048" hits="0"/>
						<line number="1049" hits="0"/>
						<line number="1052" hits="0" branch="true" condition-coverage="0% (0/2)" missing-branches="1053,1059"/>
						<line number="1053" hits="0"/>
						<line number="1059" hits="0" branch="true" condition-coverage="0% (0/2)" missing-branches="exit,1060"/>
						<line number="1060" hits="0" branch="true" condition-coverage="0% (0/2)" missing-branches="1062,1086"/>
						<line number="1062" hits="0"/>
						<line number="1063" hits="0"/>
						<line number="1066" hits="0"/>
						<line number="1067" hits="0" branch="true" condition-coverage="0% (0/2)" missing-branches="1070,1071"/>
						<line number="1070" hits="0"/>
						<line number="1071" hits="0" branch="true" condition-coverage="0% (0/2)" missing-branches="1073,1075"/>
						<line number="1073" hits="0"/>
						<line number="1075" hits="0"/>
						<line number="1079" hits="0"/>
						<line number="1080" hits="0"/>
						<line number="1086" hits="0" branch="true" condition-coverage="0% (0/2)" missing-branches="1090,1096"/>
						<line number="1090" hits="0"/>
						<line number="1096" hits="0" branch="true" condition-coverage="0% (0/2)" missing-branches="1059,1097"/>
						<line number="1097" hits="0"/>
						<line number="1098" hits="0"/>
						<line number="1099" hits="0"/>
						<line number="1100" hits="0" branch="true" condition-coverage="0% (0/2)" missing-branches="1103,1104"/>
						<line number="1103" hits="0"/>
						<line number="1104" hits="0" branch="true" condition-coverage="0% (0/2)" missing-branches="1105,1107"/>
						<line number="1105" hits="0"/>
						<line number="1107" hits="0"/>
						<line number="1111" hits="0"/>
						<line number="1112" hits="0"/>
						<line number="1117" hits="1"/>
						<line number="1120" hits="1"/>
						<line number="1121" hits="1" branch="true" condition-coverage="50% (1/2)" missing-branches="1123"/>
						<line number="1122" hits="1"/>
						<line number="1123" hits="0" branch="true" condition-coverage="0% (0/2)" missing-branches="1124,1126"/>
						<line number="1124" hits="0"/>
						<line number="1126" hits="0"/>
						<line number="1128" hits="1"/>
						<line number="1129" hits="1"/>
						<line number="1130" hits="1"/>
						<line number="1132" hits="1" branch="true" condition-coverage="100% (2/2)"/>
						<line number="1133" hits="1" branch="true" condition-coverage="50% (1/2)" missing-branches="1134"/>
						<line number="1134" hits="0"/>
						<line number="1136" hits="1"/>
						<line number="1143" hits="1"/>
						<line number="1144" hits="1"/>
						<line number="1145" hits="1"/>
						<line number="1147" hits="1"/>
						<line number="1152" hits="1"/>
						<line number="1154" hits="1"/>
						<line number="1157" hits="1"/>
						<line number="1160" hits="1"/>
						<line number="1164" hits="1"/>
						<line number="1166" hits="1"/>
						<line number="1169" hits="1"/>
						<line number="1172" hits="1"/>
						<line number="1173" hits="1" branch="true" condition-coverage="100% (2/2)"/>
						<line number="1174" hits="1" branch="true" condition-coverage="50% (1/2)" missing-branches="1176"/>
						<line number="1176" hits="0"/>
						<line number="1177" hits="0"/>
						<line number="1179" hits="1"/>
						<line number="1180" hits="1"/>
						<line number="1183" hits="1" branch="true" condition-coverage="50% (1/2)" missing-branches="1186"/>
						<line number="1184" hits="1"/>
						<line number="1186" hits="0"/>
						<line number="1189" hits="1" branch="true" condition-coverage="100% (2/2)"/>
						<line number="1190" hits="1"/>
						<line number="1191" hits="1" branch="true" condition-coverage="50% (1/2)" missing-branches="1192"/>
						<line number="1192" hits="0"/>
						<line number="1193" hits="1" branch="true" condition-coverage="50% (1/2)" missing-branches="1195"/>
						<line number="1195" hits="0"/>
						<line number="1200" hits="1" branch="true" condition-coverage="50% (1/2)" missing-branches="1204"/>
						<line number="1201" hits="1"/>
						<line number="1204" hits="0"/>
						<line number="1206" hits="0"/>
						<line number="1208" hits="0"/>
						<line number="1210" hits="1"/>
						<line number="1212" hits="1"/>
						<line number="1214" hits="1"/>
						<line number="1217" hits="1"/>
						<line number="1218" hits="1" branch="true" condition-coverage="100% (2/2)"/>
						<line number="1219" hits="1"/>
						<line number="1224" hits="1"/>
						<line number="1226" hits="1"/>
						<line number="1228" hits="1"/>
						<line number="1231" hits="1" branch="true" condition-coverage="100% (2/2)"/>
						<line number="1232" hits="1"/>
						<line number="1234" hits="1" branch="true" condition-coverage="100% (2/2)"/>
						<line number="1236" hits="1" branch="true" condition-coverage="50% (1/2)" missing-branches="1237"/>
						<line number="1237" hits="0"/>
						<line number="1239" hits="1" branch="true" condition-coverage="50% (1/2)" missing-branches="1240"/>
						<line number="1240" hits="0"/>
						<line number="1242" hits="1"/>
						<line number="1243" hits="1"/>
						<line number="1246" hits="1" branch="true" condition-coverage="50% (1/2)" missing-branches="1247"/>
						<line number="1247" hits="0"/>
						<line number="1250" hits="1"/>
						<line number="1251" hits="1" branch="true" condition-coverage="50% (1/2)" missing-branches="1252"/>
						<line number="1252" hits="0"/>
						<line number="1253" hits="0"/>
						<line number="1254" hits="0"/>
						<line number="1257" hits="1"/>
						<line number="1258" hits="1" branch="true" condition-coverage="50% (1/2)" missing-branches="1259"/>
						<line number="1259" hits="0"/>
						<line number="1261" hits="1"/>
						<line number="1263" hits="1"/>
						<line number="1268" hits="0"/>
						<line number="1270" hits="0" branch="true" condition-coverage="0% (0/2)" missing-branches="1271,1274"/>
						<line number="1271" hits="0"/>
						<line number="1274" hits="0"/>
						<line number="1276" hits="1"/>
						<line number="1281" hits="0"/>
						<line number="1282" hits="0"/>
						<line number="1284" hits="0" branch="true" condition-coverage="0% (0/2)" missing-branches="1285,1291"/>
						<line number="1285" hits="0" branch="true" condition-coverage="0% (0/2)" missing-branches="1284,1286"/>
						<line number="1286" hits="0"/>
						<line number="1287" hits="0" branch="true" condition-coverage="0% (0/2)" missing-branches="1288,1289"/>
						<line number="1288" hits="0"/>
						<line number="1289" hits="0"/>
						<line number="1291" hits="0" branch="true" condition-coverage="0% (0/2)" missing-branches="1292,1295"/>
						<line number="1292" hits="0"/>
						<line number="1295" hits="0"/>
						<line number="1296" hits="0" branch="true" condition-coverage="0% (0/2)" missing-branches="1297,1306"/>
						<line number="1297" hits="0" branch="true" condition-coverage="0% (0/2)" missing-branches="1299,1302"/>
						<line number="1299" hits="0"/>
						<line number="1302" hits="0"/>
						<line number="1303" hits="0"/>
						<line number="1306" hits="0"/>
						<line number="1307" hits="0"/>
						<line number="1309" hits="0" branch="true" condition-coverage="0% (0/2)" missing-branches="1310,1342"/>
						<line number="1310" hits="0"/>
						<line number="1312" hits="0"/>
						<line number="1314" hits="0" branch="true" condition-coverage="0% (0/2)" missing-branches="1315,1318"/>
						<line number="1315" hits="0"/>
						<line number="1318" hits="0"/>
						<line number="1319" hits="0" branch="true" condition-coverage="0% (0/2)" missing-branches="1321,1331"/>
						<line number="1321" hits="0" branch="true" condition-coverage="0% (0/2)" missing-branches="1323,1336"/>
						<line number="1323" hits="0"/>
						<line number="1327" hits="0" branch="true" condition-coverage="0% (0/2)" missing-branches="1321,1328"/>
						<line number="1328" hits="0"/>
						<line number="1331" hits="0" branch="true" condition-coverage="0% (0/2)" missing-branches="1332,1336"/>
						<line number="1332" hits="0"/>
						<line number="1333" hits="0" branch="true" condition-coverage="0% (0/2)" missing-branches="1334,1336"/>
						<line number="1334" hits="0"/>
						<line number="1336" hits="0"/>
						<line number="1338" hits="0"/>
						<line number="1340" hits="0"/>
						<line number="1342" hits="0"/>
						<line number="1344" hits="1"/>
						<line number="1349" hits="0"/>
						<line number="1352" hits="0"/>
						<line number="1353" hits="0" branch="true" condition-coverage="0% (0/2)" missing-branches="1354,1368"/>
						<line number="1354" hits="0"/>
						<line number="1355" hits="0"/>
						<line number="1357" hits="0" branch="true" condition-coverage="0% (0/2)" missing-branches="1358,1366"/>
						<line number="1358" hits="0" branch="true" condition-coverage="0% (0/2)" missing-branches="1360,1363"/>
						<line number="1360" hits="0"/>
						<line number="1361" hits="0" branch="true" condition-coverage="0% (0/2)" missing-branches="1357,1362"/>
						<line number="1362" hits="0"/>
						<line number="1363" hits="0" branch="true" condition-coverage="0% (0/2)" missing-branches="1357,1364"/>
						<line number="1364" hits="0"/>
						<line number="1366" hits="0"/>
						<line number="1368" hits="0"/>
						<line number="1370" hits="1"/>
						<line number="1372" hits="0"/>
						<line number="1373" hits="0"/>
						<line number="1375" hits="0" branch="true" condition-coverage="0% (0/2)" missing-branches="1376,1381"/>
						<line number="1376" hits="0" branch="true" condition-coverage="0% (0/2)" missing-branches="1377,1379"/>
						<line number="1377" hits="0"/>
						<line number="1379" hits="0"/>
						<line number="1381" hits="0"/>
						<line number="1383" hits="1"/>
						<line number="1388" hits="0"/>
						<line number="1391" hits="0"/>
						<line number="1392" hits="0" branch="true" condition-coverage="0% (0/2)" missing-branches="1394,1402"/>
						<line number="1394" hits="0"/>
						<line number="1395" hits="0"/>
						<line number="1400" hits="0"/>
						<line number="1402" hits="0"/>
						<line number="1404" hits="1"/>
						<line number="1408" hits="0"/>
						<line number="1410" hits="0" branch="true" condition-coverage="0% (0/2)" missing-branches="1411,1418"/>
						<line number="1411" hits="0" branch="true" condition-coverage="0% (0/2)" missing-branches="1413,1416"/>
						<line number="1413" hits="0"/>
						<line number="1416" hits="0"/>
						<line number="1418" hits="0"/>
						<line number="1420" hits="1"/>
						<line number="1422" hits="0"/>
						<line number="1423" hits="0"/>
						<line number="1426" hits="0" branch="true" condition-coverage="0% (0/2)" missing-branches="1427,1433"/>
						<line number="1427" hits="0" branch="true" condition-coverage="0% (0/2)" missing-branches="1429,1430"/>
						<line number="1429" hits="0"/>
						<line number="1430" hits="0"/>
						<line number="1433" hits="0"/>
						<line number="1435" hits="1"/>
						<line number="1436" hits="1"/>
						<line number="1437" hits="1"/>
						<line number="1438" hits="1" branch="true" condition-coverage="100% (2/2)"/>
						<line number="1439" hits="1"/>
						<line number="1440" hits="1"/>
						<line number="1442" hits="1"/>
						<line number="1443" hits="1" branch="true" condition-coverage="100% (2/2)"/>
						<line number="1444" hits="1"/>
						<line number="1445" hits="1" branch="true" condition-coverage="50% (1/2)" missing-branches="1446"/>
						<line number="1446" hits="0"/>
						<line number="1447" hits="1" branch="true" condition-coverage="100% (2/2)"/>
						<line number="1448" hits="1"/>
						<line number="1452" hits="1"/>
						<line number="1454" hits="1" branch="true" condition-coverage="100% (2/2)"/>
						<line number="1458" hits="1"/>
						<line number="1462" hits="1"/>
						<line number="1464" hits="1"/>
						<line number="1465" hits="1"/>
						<line number="1466" hits="1"/>
						<line number="1468" hits="1"/>
						<line number="1470" hits="1" branch="true" condition-coverage="100% (2/2)"/>
						<line number="1471" hits="1"/>
						<line number="1472" hits="1" branch="true" condition-coverage="100% (2/2)"/>
						<line number="1473" hits="1"/>
						<line number="1474" hits="1" branch="true" condition-coverage="100% (2/2)"/>
						<line number="1475" hits="1"/>
						<line number="1476" hits="1" branch="true" condition-coverage="50% (1/2)" missing-branches="1477"/>
						<line number="1477" hits="0"/>
						<line number="1482" hits="1"/>
						<line number="1484" hits="1"/>
						<line number="1486" hits="1" branch="true" condition-coverage="100% (2/2)"/>
						<line number="1487" hits="1"/>
						<line number="1489" hits="1"/>
						<line number="1491" hits="1" branch="true" condition-coverage="50% (1/2)" missing-branches="1505"/>
						<line number="1505" hits="0"/>
						<line number="1506" hits="1" branch="true" condition-coverage="50% (1/2)" missing-branches="1507"/>
						<line number="1507" hits="0"/>
						<line number="1511" hits="1" branch="true" condition-coverage="100% (2/2)"/>
						<line number="1512" hits="1"/>
						<line number="1513" hits="1" branch="true" condition-coverage="100% (2/2)"/>
						<line number="1516" hits="1"/>
						<line number="1524" hits="1"/>
						<line number="1526" hits="1"/>
						<line number="1527" hits="1"/>
						<line number="1528" hits="1" branch="true" condition-coverage="100% (2/2)"/>
						<line number="1529" hits="1"/>
						<line number="1530" hits="1" branch="true" condition-coverage="50% (1/2)" missing-branches="1534"/>
						<line number="1534" hits="0"/>
						<line number="1535" hits="1"/>
						<line number="1536" hits="1"/>
						<line number="1537" hits="0"/>
						<line number="1538" hits="0"/>
						<line number="1542" hits="0"/>
						<line number="1544" hits="1"/>
						<line number="1545" hits="1"/>
						<line number="1556" hits="1"/>
						<line number="1557" hits="1" branch="true" condition-coverage="100% (2/2)"/>
						<line number="1558" hits="1"/>
						<line number="1559" hits="1"/>
						<line number="1560" hits="1" branch="true" condition-coverage="100% (2/2)"/>
						<line number="1561" hits="1"/>
						<line number="1562" hits="1" branch="true" condition-coverage="50% (1/2)" missing-branches="1563"/>
						<line number="1563" hits="0"/>
						<line number="1564" hits="1" branch="true" condition-coverage="50% (1/2)" missing-branches="1565"/>
						<line number="1565" hits="0"/>
						<line number="1566" hits="1" branch="true" condition-coverage="50% (1/2)" missing-branches="1569"/>
						<line number="1567" hits="1"/>
						<line number="1569" hits="0"/>
						<line number="1574" hits="1" branch="true" condition-coverage="100% (2/2)"/>
						<line number="1576" hits="1"/>
						<line number="1578" hits="1" branch="true" condition-coverage="100% (2/2)"/>
						<line number="1579" hits="1"/>
						<line number="1581" hits="1" branch="true" condition-coverage="50% (1/2)" missing-branches="1582"/>
						<line number="1582" hits="0" branch="true" condition-coverage="0% (0/2)" missing-branches="1586,1589"/>
						<line number="1586" hits="0"/>
						<line number="1589" hits="0"/>
						<line number="1590" hits="1"/>
						<line number="1592" hits="1" branch="true" condition-coverage="100% (2/2)"/>
						<line number="1595" hits="1"/>
						<line number="1596" hits="1"/>
						<line number="1597" hits="1"/>
						<line number="1598" hits="1" branch="true" condition-coverage="50% (1/2)" missing-branches="1600"/>
						<line number="1600" hits="0"/>
						<line number="1601" hits="0"/>
						<line number="1602" hits="0"/>
						<line number="1604" hits="1"/>
						<line number="1606" hits="1" branch="true" condition-coverage="100% (2/2)"/>
						<line number="1607" hits="1"/>
						<line number="1608" hits="1" branch="true" condition-coverage="100% (2/2)"/>
						<line number="1609" hits="1"/>
						<line number="1610" hits="1" branch="true" condition-coverage="100% (2/2)"/>
						<line number="1611" hits="1"/>
						<line number="1612" hits="1" branch="true" condition-coverage="100% (2/2)"/>
						<line number="1613" hits="1"/>
						<line number="1614" hits="1" branch="true" condition-coverage="100% (2/2)"/>
						<line number="1615" hits="1"/>
						<line number="1616" hits="1" branch="true" condition-coverage="50% (1/2)" missing-branches="1712"/>
						<line number="1617" hits="1"/>
						<line number="1620" hits="1" branch="true" condition-coverage="100% (2/2)"/>
						<line number="1621" hits="1" branch="true" condition-coverage="100% (2/2)"/>
						<line number="1622" hits="1"/>
						<line number="1625" hits="1" branch="true" condition-coverage="50% (1/2)" missing-branches="1628"/>
						<line number="1628" hits="0"/>
						<line number="1638" hits="0"/>
						<line number="1639" hits="1" branch="true" condition-coverage="100% (2/2)"/>
						<line number="1642" hits="1" branch="true" condition-coverage="50% (1/2)" missing-branches="1649"/>
						<line number="1644" hits="1"/>
						<line number="1647" hits="1"/>
						<line number="1649" hits="0"/>
						<line number="1650" hits="1"/>
						<line number="1653" hits="1" branch="true" condition-coverage="100% (2/2)"/>
						<line number="1655" hits="1"/>
						<line number="1656" hits="1" branch="true" condition-coverage="100% (2/2)"/>
						<line number="1660" hits="1"/>
						<line number="1661" hits="1" branch="true" condition-coverage="100% (2/2)"/>
						<line number="1662" hits="1"/>
						<line number="1663" hits="1"/>
						<line number="1667" hits="1"/>
						<line number="1668" hits="1"/>
						<line number="1671" hits="1" branch="true" condition-coverage="100% (2/2)"/>
						<line number="1672" hits="1"/>
						<line number="1673" hits="1"/>
						<line number="1676" hits="1" branch="true" condition-coverage="100% (2/2)"/>
						<line number="1677" hits="1"/>
						<line number="1678" hits="1"/>
						<line number="1681" hits="1" branch="true" condition-coverage="100% (2/2)"/>
						<line number="1683" hits="1"/>
						<line number="1684" hits="1"/>
						<line number="1687" hits="1" branch="true" condition-coverage="100% (2/2)"/>
						<line number="1688" hits="1"/>
						<line number="1689" hits="1"/>
						<line number="1692" hits="1" branch="true" condition-coverage="100% (2/2)"/>
						<line number="1693" hits="1"/>
						<line number="1694" hits="1"/>
						<line number="1697" hits="1" branch="true" condition-coverage="50% (1/2)" missing-branches="1712"/>
						<line number="1698" hits="1"/>
						<line number="1699" hits="1"/>
						<line number="1703" hits="1" branch="true" condition-coverage="50% (1/2)" missing-branches="1712"/>
						<line number="1704" hits="1" branch="true" condition-coverage="50% (1/2)" missing-branches="1705"/>
						<line number="1705" hits="0"/>
						<line number="1709" hits="1" branch="true" condition-coverage="50% (1/2)" missing-branches="1712"/>
						<line number="1710" hits="1"/>
						<line number="1712" hits="1"/>
						<line number="1714" hits="1"/>
						<line number="1716" hits="1"/>
						<line number="1718" hits="1"/>
						<line number="1720" hits="1" branch="true" condition-coverage="50% (1/2)" missing-branches="1721"/>
						<line number="1721" hits="0"/>
						<line number="1722" hits="1"/>
						<line number="1723" hits="1" branch="true" condition-coverage="100% (2/2)"/>
						<line number="1724" hits="1"/>
						<line number="1725" hits="1"/>
						<line number="1726" hits="1" branch="true" condition-coverage="50% (1/2)" missing-branches="exit"/>
						<line number="1727" hits="1"/>
						<line number="1729" hits="1"/>
						<line number="1753" hits="1"/>
						<line number="1754" hits="1"/>
						<line number="1755" hits="1"/>
						<line number="1756" hits="1"/>
						<line number="1757" hits="1"/>
						<line number="1759" hits="1" branch="true" condition-coverage="100% (2/2)"/>
						<line number="1760" hits="1"/>
						<line number="1761" hits="1"/>
						<line number="1763" hits="1" branch="true" condition-coverage="100% (2/2)"/>
						<line number="1764" hits="1" branch="true" condition-coverage="50% (1/2)" missing-branches="1765"/>
						<line number="1765" hits="0"/>
						<line number="1768" hits="1"/>
						<line number="1770" hits="1" branch="true" condition-coverage="100% (2/2)"/>
						<line number="1773" hits="1"/>
						<line number="1774" hits="1" branch="true" condition-coverage="50% (1/2)" missing-branches="1786"/>
						<line number="1775" hits="1"/>
						<line number="1778" hits="1"/>
						<line number="1779" hits="1"/>
						<line number="1780" hits="1" branch="true" condition-coverage="50% (1/2)" missing-branches="1781"/>
						<line number="1781" hits="0"/>
						<line number="1786" hits="0"/>
						<line number="1791" hits="1"/>
						<line number="1793" hits="1" branch="true" condition-coverage="100% (2/2)"/>
						<line number="1794" hits="1" branch="true" condition-coverage="100% (2/2)"/>
						<line number="1795" hits="1"/>
						<line number="1796" hits="1" branch="true" condition-coverage="50% (1/2)" missing-branches="1799"/>
						<line number="1797" hits="1"/>
						<line number="1799" hits="0"/>
						<line number="1804" hits="1" branch="true" condition-coverage="100% (2/2)"/>
						<line number="1805" hits="1"/>
						<line number="1806" hits="1"/>
						<line number="1808" hits="1"/>
						<line number="1810" hits="1" branch="true" condition-coverage="50% (1/2)" missing-branches="1811"/>
						<line number="1811" hits="0"/>
						<line number="1814" hits="1" branch="true" condition-coverage="50% (1/2)" missing-branches="1815"/>
						<line number="1815" hits="0"/>
						<line number="1818" hits="1" branch="true" condition-coverage="50% (1/2)" missing-branches="1819"/>
						<line number="1819" hits="0"/>
						<line number="1823" hits="1"/>
						<line number="1833" hits="1" branch="true" condition-coverage="100% (2/2)"/>
						<line number="1834" hits="1"/>
						<line number="1836" hits="1"/>
						<line number="1838" hits="1"/>
						<line number="1841" hits="1"/>
						<line number="1847" hits="1" branch="true" condition-coverage="100% (2/2)"/>
						<line number="1848" hits="1"/>
						<line number="1850" hits="1" branch="true" condition-coverage="100% (2/2)"/>
						<line number="1851" hits="1"/>
						<line number="1853" hits="1" branch="true" condition-coverage="100% (2/2)"/>
						<line number="1855" hits="1" branch="true" condition-coverage="50% (1/2)" missing-branches="1858"/>
						<line number="1856" hits="1"/>
						<line number="1858" hits="0"/>
						<line number="1859" hits="0" branch="true" condition-coverage="0% (0/2)" missing-branches="1860,1862"/>
						<line number="1860" hits="0"/>
						<line number="1862" hits="1" branch="true" condition-coverage="100% (2/2)"/>
						<line number="1863" hits="1"/>
						<line number="1866" hits="1"/>
						<line number="1867" hits="1" branch="true" condition-coverage="100% (2/2)"/>
						<line number="1868" hits="1"/>
						<line number="1872" hits="1" branch="true" condition-coverage="100% (2/2)"/>
						<line number="1873" hits="1"/>
						<line number="1877" hits="1" branch="true" condition-coverage="100% (2/2)"/>
						<line number="1878" hits="1"/>
						<line number="1881" hits="1" branch="true" condition-coverage="100% (2/2)"/>
						<line number="1882" hits="1"/>
						<line number="1886" hits="1"/>
						<line number="1887" hits="1"/>
						<line number="1888" hits="0"/>
						<line number="1889" hits="0"/>
						<line number="1892" hits="0" branch="true" condition-coverage="0% (0/2)" missing-branches="1893,1902"/>
						<line number="1893" hits="0"/>
						<line number="1902" hits="0"/>
						<line number="1903" hits="1" branch="true" condition-coverage="100% (2/2)"/>
						<line number="1904" hits="1"/>
						<line number="1905" hits="1"/>
						<line number="1908" hits="1" branch="true" condition-coverage="50% (1/2)" missing-branches="1910"/>
						<line number="1910" hits="0" branch="true" condition-coverage="0% (0/2)" missing-branches="1911,1913"/>
						<line number="1911" hits="0"/>
						<line number="1913" hits="0"/>
						<line number="1916" hits="1" branch="true" condition-coverage="100% (2/2)"/>
						<line number="1918" hits="1"/>
						<line number="1919" hits="1" branch="true" condition-coverage="100% (2/2)"/>
						<line number="1921" hits="1"/>
						<line number="1922" hits="1" branch="true" condition-coverage="100% (2/2)"/>
						<line number="1924" hits="1"/>
						<line number="1925" hits="1"/>
						<line number="1928" hits="1"/>
						<line number="1929" hits="1"/>
						<line number="1931" hits="1" branch="true" condition-coverage="100% (2/2)"/>
						<line number="1932" hits="1"/>
						<line number="1935" hits="1" branch="true" condition-coverage="100% (2/2)"/>
						<line number="1936" hits="1"/>
						<line number="1940" hits="1"/>
						<line number="1941" hits="1"/>
						<line number="1944" hits="1"/>
						<line number="1945" hits="1"/>
						<line number="1946" hits="1" branch="true" condition-coverage="100% (2/2)"/>
						<line number="1947" hits="1"/>
						<line number="1948" hits="1"/>
						<line number="1949" hits="1"/>
						<line number="1951" hits="1"/>
						<line number="1952" hits="1"/>
						<line number="1953" hits="1"/>
						<line number="1955" hits="1"/>
						<line number="1956" hits="1"/>
						<line number="1957" hits="1"/>
						<line number="1958" hits="1" branch="true" condition-coverage="100% (2/2)"/>
						<line number="1959" hits="1"/>
[...]
						<line number="92" hits="0"/>
						<line number="94" hits="0"/>
						<line number="96" hits="0"/>
						<line number="98" hits="0"/>
						<line number="99" hits="0"/>
						<line number="100" hits="0"/>
						<line number="103" hits="0"/>
						<line number="104" hits="0"/>
						<line number="105" hits="0"/>
						<line number="106" hits="0"/>
						<line number="107" hits="0"/>
						<line number="108" hits="0"/>
						<line number="111" hits="0"/>
						<line number="112" hits="0"/>
						<line number="114" hits="0"/>
						<line number="116" hits="0"/>
						<line number="118" hits="0"/>
						<line number="119" hits="0"/>
						<line number="121" hits="0"/>
						<line number="122" hits="0"/>
						<line number="123" hits="0"/>
						<line number="124" hits="0"/>
						<line number="125" hits="0"/>
						<line number="128" hits="0"/>
						<line number="129" hits="0"/>
						<line number="131" hits="0"/>
						<line number="133" hits="0"/>
						<line number="134" hits="0"/>
						<line number="137" hits="0"/>
						<line number="138" hits="0"/>
						<line number="140" hits="0"/>
						<line number="142" hits="0"/>
						<line number="144" hits="0"/>
						<line number="145" hits="0"/>
						<line number="148" hits="0"/>
						<line number="149" hits="0"/>
						<line number="151" hits="0"/>
						<line number="153" hits="0"/>
						<line number="155" hits="0"/>
						<line number="156" hits="0"/>
					</lines>
				</class>
				<class name="test_schema_migrator.py" filename="tests_sync/test_schema_migrator.py" complexity="0" line-rate="0" branch-rate="0">
					<methods/>
					<lines>
						<line number="1" hits="0"/>
						<line number="2" hits="0"/>
						<line number="3" hits="0"/>
						<line number="4" hits="0"/>
						<line number="6" hits="0"/>
						<line number="8" hits="0"/>
						<line number="9" hits="0"/>
						<line number="15" hits="0"/>
						<line number="17" hits="0"/>
						<line number="20" hits="0"/>
						<line number="22" hits="0"/>
						<line number="23" hits="0"/>
						<line number="26" hits="0"/>
						<line number="29" hits="0"/>
						<line number="30" hits="0"/>
						<line number="32" hits="0"/>
						<line number="35" hits="0"/>
						<line number="36" hits="0"/>
						<line number="39" hits="0"/>
						<line number="40" hits="0"/>
						<line number="41" hits="0" branch="true" condition-coverage="0% (0/2)" missing-branches="42,45"/>
						<line number="42" hits="0"/>
						<line number="45" hits="0" branch="true" condition-coverage="0% (0/2)" missing-branches="46,53"/>
						<line number="46" hits="0" branch="true" condition-coverage="0% (0/2)" missing-branches="45,47"/>
						<line number="47" hits="0"/>
						<line number="48" hits="0"/>
						<line number="49" hits="0"/>
						<line number="50" hits="0"/>
						<line number="51" hits="0"/>
						<line number="53" hits="0"/>
						<line number="56" hits="0"/>
						<line number="57" hits="0"/>
						<line number="58" hits="0" branch="true" condition-coverage="0% (0/2)" missing-branches="59,62"/>
						<line number="59" hits="0"/>
						<line number="62" hits="0" branch="true" condition-coverage="0% (0/2)" missing-branches="exit,63"/>
						<line number="63" hits="0" branch="true" condition-coverage="0% (0/2)" missing-branches="62,64"/>
						<line number="64" hits="0"/>
						<line number="65" hits="0"/>
						<line number="66" hits="0"/>
						<line number="67" hits="0"/>
						<line number="68" hits="0"/>
						<line number="71" hits="0"/>
						<line number="75" hits="0"/>
						<line number="77" hits="0"/>
						<line number="78" hits="0"/>
						<line number="80" hits="0"/>
						<line number="81" hits="0"/>
						<line number="82" hits="0"/>
						<line number="85" hits="0"/>
						<line number="86" hits="0"/>
						<line number="89" hits="0"/>
						<line number="90" hits="0"/>
						<line number="93" hits="0"/>
						<line number="94" hits="0"/>
						<line number="95" hits="0"/>
						<line number="98" hits="0"/>
						<line number="99" hits="0"/>
						<line number="100" hits="0"/>
						<line number="101" hits="0"/>
						<line number="104" hits="0"/>
						<line number="105" hits="0"/>
						<line number="106" hits="0"/>
						<line number="108" hits="0"/>
						<line number="109" hits="0"/>
						<line number="112" hits="0"/>
						<line number="115" hits="0"/>
						<line number="116" hits="0"/>
						<line number="117" hits="0"/>
						<line number="119" hits="0"/>
						<line number="123" hits="0"/>
						<line number="125" hits="0"/>
						<line number="129" hits="0"/>
						<line number="132" hits="0"/>
						<line number="133" hits="0"/>
						<line number="134" hits="0"/>
						<line number="135" hits="0"/>
						<line number="137" hits="0"/>
						<line number="139" hits="0"/>
						<line number="140" hits="0" branch="true" condition-coverage="0% (0/2)" missing-branches="exit,141"/>
						<line number="141" hits="0"/>
						<line number="142" hits="0"/>
						<line number="144" hits="0"/>
						<line number="146" hits="0"/>
						<line number="147" hits="0"/>
						<line number="150" hits="0"/>
						<line number="154" hits="0"/>
						<line number="156" hits="0"/>
						<line number="157" hits="0" branch="true" condition-coverage="0% (0/2)" missing-branches="exit,158"/>
						<line number="158" hits="0"/>
						<line number="159" hits="0"/>
						<line number="160" hits="0"/>
						<line number="161" hits="0"/>
						<line number="162" hits="0"/>
						<line number="163" hits="0"/>
						<line number="164" hits="0" branch="true" condition-coverage="0% (0/2)" missing-branches="157,165"/>
						<line number="165" hits="0"/>
						<line number="168" hits="0"/>
						<line number="169" hits="0"/>
						<line number="172" hits="0"/>
						<line number="177" hits="0"/>
						<line number="180" hits="0"/>
						<line number="181" hits="0"/>
						<line number="182" hits="0"/>
						<line number="183" hits="0"/>
						<line number="185" hits="0"/>
						<line number="187" hits="0"/>
						<line number="190" hits="0"/>
						<line number="192" hits="0"/>
						<line number="193" hits="0"/>
						<line number="196" hits="0"/>
						<line number="197" hits="0"/>
						<line number="200" hits="0"/>
						<line number="201" hits="0"/>
						<line number="202" hits="0"/>
						<line number="205" hits="0"/>
						<line number="206" hits="0"/>
						<line number="207" hits="0"/>
						<line number="208" hits="0"/>
						<line number="213" hits="0"/>
						<line number="226" hits="0"/>
						<line number="227" hits="0"/>
						<line number="230" hits="0"/>
						<line number="233" hits="0"/>
						<line number="234" hits="0"/>
						<line number="237" hits="0"/>
						<line number="238" hits="0"/>
						<line number="240" hits="0"/>
						<line number="243" hits="0"/>
						<line number="244" hits="0"/>
						<line number="247" hits="0"/>
						<line number="250" hits="0"/>
						<line number="253" hits="0"/>
						<line number="254" hits="0"/>
						<line number="257" hits="0"/>
						<line number="258" hits="0"/>
						<line number="261" hits="0"/>
						<line number="262" hits="0"/>
						<line number="263" hits="0"/>
						<line number="264" hits="0"/>
						<line number="267" hits="0"/>
						<line number="269" hits="0"/>
						<line number="270" hits="0"/>
						<line number="271" hits="0"/>
						<line number="273" hits="0"/>
						<line number="274" hits="0"/>
						<line number="277" hits="0"/>
						<line number="290" hits="0"/>
						<line number="291" hits="0"/>
						<line number="294" hits="0"/>
						<line number="295" hits="0"/>
						<line number="298" hits="0"/>
						<line number="299" hits="0"/>
						<line number="301" hits="0"/>
						<line number="304" hits="0"/>
						<line number="305" hits="0"/>
						<line number="308" hits="0"/>
						<line number="309" hits="0"/>
						<line number="312" hits="0"/>
						<line number="313" hits="0"/>
						<line number="316" hits="0"/>
						<line number="318" hits="0"/>
						<line number="319" hits="0"/>
						<line number="320" hits="0"/>
						<line number="323" hits="0"/>
						<line number="324" hits="0"/>
						<line number="326" hits="0"/>
						<line number="327" hits="0"/>
						<line number="328" hits="0"/>
						<line number="329" hits="0"/>
						<line number="332" hits="0"/>
						<line number="333" hits="0"/>
						<line number="336" hits="0"/>
						<line number="337" hits="0"/>
						<line number="338" hits="0"/>
						<line number="339" hits="0"/>
						<line number="342" hits="0"/>
						<line number="343" hits="0"/>
						<line number="348" hits="0"/>
						<line number="366" hits="0"/>
						<line number="367" hits="0"/>
						<line number="368" hits="0"/>
						<line number="369" hits="0"/>
						<line number="372" hits="0"/>
						<line number="373" hits="0"/>
						<line number="375" hits="0"/>
						<line number="378" hits="0"/>
						<line number="379" hits="0"/>
						<line number="382" hits="0"/>
						<line number="385" hits="0"/>
						<line number="388" hits="0"/>
						<line number="391" hits="0"/>
						<line number="395" hits="0"/>
						<line number="396" hits="0"/>
						<line number="397" hits="0"/>
						<line number="398" hits="0"/>
						<line number="401" hits="0"/>
						<line number="402" hits="0"/>
						<line number="403" hits="0"/>
						<line number="404" hits="0"/>
						<line number="405" hits="0"/>
						<line number="408" hits="0"/>
						<line number="410" hits="0"/>
						<line number="411" hits="0"/>
						<line number="414" hits="0"/>
						<line number="418" hits="0"/>
						<line number="421" hits="0"/>
						<line number="422" hits="0"/>
						<line number="424" hits="0"/>
						<line number="427" hits="0"/>
						<line number="428" hits="0"/>
						<line number="431" hits="0"/>
						<line number="432" hits="0"/>
						<line number="435" hits="0"/>
						<line number="437" hits="0"/>
						<line number="438" hits="0"/>
						<line number="439" hits="0"/>
						<line number="441" hits="0"/>
						<line number="456" hits="0"/>
						<line number="457" hits="0"/>
						<line number="459" hits="0"/>
						<line number="462" hits="0"/>
						<line number="463" hits="0"/>
						<line number="466" hits="0"/>
						<line number="468" hits="0"/>
						<line number="469" hits="0"/>
						<line number="470" hits="0"/>
						<line number="472" hits="0"/>
						<line number="473" hits="0"/>
						<line number="474" hits="0"/>
						<line number="477" hits="0"/>
						<line number="489" hits="0"/>
						<line number="490" hits="0"/>
						<line number="491" hits="0"/>
						<line number="492" hits="0"/>
						<line number="494" hits="0"/>
						<line number="497" hits="0"/>
						<line number="498" hits="0"/>
						<line number="500" hits="0"/>
						<line number="503" hits="0"/>
						<line number="506" hits="0"/>
						<line number="509" hits="0"/>
						<line number="510" hits="0"/>
						<line number="511" hits="0"/>
						<line number="512" hits="0"/>
						<line number="515" hits="0"/>
						<line number="516" hits="0"/>
						<line number="519" hits="0"/>
						<line number="520" hits="0"/>
						<line number="521" hits="0"/>
						<line number="522" hits="0"/>
						<line number="525" hits="0"/>
						<line number="527" hits="0"/>
						<line number="528" hits="0"/>
						<line number="529" hits="0"/>
						<line number="531" hits="0"/>
						<line number="532" hits="0"/>
						<line number="534" hits="0"/>
						<line number="546" hits="0"/>
						<line number="549" hits="0"/>
						<line number="550" hits="0"/>
						<line number="552" hits="0"/>
						<line number="555" hits="0"/>
						<line number="557" hits="0"/>
						<line number="558" hits="0" branch="true" condition-coverage="0% (0/2)" missing-branches="559,560"/>
						<line number="559" hits="0"/>
						<line number="560" hits="0"/>
						<line number="562" hits="0"/>
						<line number="564" hits="0"/>
						<line number="566" hits="0"/>
						<line number="568" hits="0"/>
						<line number="571" hits="0"/>
						<line number="572" hits="0"/>
						<line number="576" hits="0"/>
						<line number="579" hits="0"/>
						<line number="581" hits="0"/>
						<line number="582" hits="0"/>
						<line number="583" hits="0"/>
						<line number="585" hits="0"/>
						<line number="586" hits="0"/>
						<line number="587" hits="0"/>
						<line number="590" hits="0"/>
						<line number="591" hits="0"/>
						<line number="592" hits="0"/>
						<line number="593" hits="0"/>
						<line number="597" hits="0"/>
						<line number="610" hits="0"/>
						<line number="611" hits="0"/>
						<line number="612" hits="0"/>
						<line number="615" hits="0"/>
						<line number="616" hits="0"/>
						<line number="617" hits="0"/>
						<line number="618" hits="0"/>
						<line number="619" hits="0"/>
						<line number="622" hits="0"/>
						<line number="623" hits="0"/>
						<line number="625" hits="0"/>
						<line number="628" hits="0"/>
						<line number="629" hits="0"/>
						<line number="632" hits="0"/>
						<line number="635" hits="0"/>
						<line number="640" hits="0"/>
						<line number="641" hits="0"/>
						<line number="644" hits="0"/>
						<line number="645" hits="0"/>
						<line number="648" hits="0"/>
						<line number="649" hits="0"/>
						<line number="650" hits="0"/>
						<line number="651" hits="0"/>
						<line number="652" hits="0"/>
						<line number="655" hits="0"/>
						<line number="656" hits="0"/>
						<line number="657" hits="0"/>
						<line number="658" hits="0"/>
					</lines>
				</class>
				<class name="test_tag_separator.py" filename="tests_sync/test_tag_separator.py" complexity="0" line-rate="0" branch-rate="0">
					<methods/>
					<lines>
						<line number="9" hits="0"/>
						<line number="11" hits="0"/>
						<line number="12" hits="0"/>
						<line number="14" hits="0"/>
						<line number="15" hits="0"/>
						<line number="18" hits="0"/>
						<line number="20" hits="0"/>
						<line number="23" hits="0" branch="true" condition-coverage="0% (0/2)" missing-branches="24,27"/>
						<line number="24" hits="0"/>
						<line number="27" hits="0"/>
						<line number="30" hits="0"/>
						<line number="32" hits="0"/>
						<line number="33" hits="0"/>
						<line number="34" hits="0"/>
						<line number="36" hits="0"/>
						<line number="38" hits="0"/>
						<line number="39" hits="0"/>
						<line number="40" hits="0"/>
						<line number="41" hits="0"/>
						<line number="43" hits="0"/>
						<line number="45" hits="0" branch="true" condition-coverage="0% (0/2)" missing-branches="exit,46"/>
						<line number="46" hits="0"/>
						<line number="47" hits="0"/>
						<line number="50" hits="0"/>
						<line number="51" hits="0"/>
						<line number="54" hits="0"/>
						<line number="55" hits="0"/>
						<line number="56" hits="0"/>
						<line number="57" hits="0"/>
						<line number="59" hits="0"/>
						<line number="60" hits="0"/>
						<line number="61" hits="0"/>
						<line number="62" hits="0"/>
						<line number="64" hits="0"/>
						<line number="65" hits="0"/>
						<line number="66" hits="0"/>
						<line number="68" hits="0"/>
						<line number="69" hits="0"/>
						<line number="70" hits="0"/>
						<line number="72" hits="0"/>
						<line number="73" hits="0"/>
						<line number="74" hits="0"/>
						<line number="76" hits="0"/>
						<line number="77" hits="0"/>
						<line number="78" hits="0"/>
						<line number="80" hits="0"/>
						<line number="82" hits="0"/>
						<line number="90" hits="0"/>
						<line number="93" hits="0"/>
						<line number="94" hits="0"/>
						<line number="96" hits="0"/>
						<line number="97" hits="0"/>
						<line number="100" hits="0"/>
						<line number="102" hits="0"/>
						<line number="103" hits="0"/>
						<line number="105" hits="0"/>
						<line number="106" hits="0"/>
						<line number="109" hits="0"/>
						<line number="111" hits="0"/>
						<line number="112" hits="0"/>
						<line number="114" hits="0"/>
						<line number="115" hits="0"/>
						<line number="118" hits="0"/>
						<line number="120" hits="0"/>
						<line number="121" hits="0"/>
						<line number="123" hits="0"/>
						<line number="124" hits="0"/>
						<line number="127" hits="0"/>
						<line number="130" hits="0"/>
						<line number="133" hits="0"/>
						<line number="134" hits="0"/>
						<line number="138" hits="0"/>
						<line number="141" hits="0"/>
						<line number="142" hits="0"/>
						<line number="145" hits="0"/>
						<line number="146" hits="0"/>
						<line number="147" hits="0"/>
						<line number="149" hits="0"/>
						<line number="150" hits="0"/>
						<line number="154" hits="0"/>
						<line number="157" hits="0"/>
						<line number="158" hits="0"/>
						<line number="161" hits="0"/>
						<line number="162" hits="0"/>
						<line number="163" hits="0"/>
						<line number="165" hits="0"/>
						<line number="166" hits="0"/>
						<line number="170" hits="0"/>
						<line number="173" hits="0"/>
						<line number="174" hits="0"/>
						<line number="175" hits="0"/>
						<line number="176" hits="0"/>
						<line number="177" hits="0"/>
						<line number="178" hits="0"/>
						<line number="181" hits="0"/>
						<line number="182" hits="0"/>
						<line number="183" hits="0"/>
						<line number="184" hits="0"/>
						<line number="187" hits="0"/>
						<line number="188" hits="0"/>
						<line number="189" hits="0"/>
						<line number="190" hits="0"/>
						<line number="192" hits="0"/>
						<line number="193" hits="0"/>
						<line number="197" hits="0"/>
						<line number="200" hits="0"/>
						<line number="201" hits="0"/>
						<line number="202" hits="0"/>
						<line number="203" hits="0"/>
						<line number="204" hits="0"/>
						<line number="205" hits="0"/>
						<line number="208" hits="0"/>
						<line number="209" hits="0"/>
						<line number="210" hits="0"/>
						<line number="211" hits="0"/>
						<line number="214" hits="0"/>
						<line number="215" hits="0"/>
						<line number="216" hits="0"/>
						<line number="217" hits="0"/>
						<line number="219" hits="0"/>
						<line number="220" hits="0"/>
						<line number="222" hits="0"/>
						<line number="225" hits="0"/>
						<line number="226" hits="0"/>
						<line number="227" hits="0"/>
						<line number="228" hits="0"/>
						<line number="231" hits="0"/>
						<line number="232" hits="0"/>
						<line number="233" hits="0"/>
						<line number="234" hits="0"/>
						<line number="237" hits="0"/>
						<line number="240" hits="0"/>
						<line number="241" hits="0"/>
						<line number="246" hits="0"/>
						<line number="247" hits="0"/>
						<line number="249" hits="0"/>
						<line number="250" hits="0"/>
						<line number="251" hits="0"/>
						<line number="253" hits="0"/>
						<line number="256" hits="0"/>
						<line number="257" hits="0"/>
						<line number="260" hits="0"/>
						<line number="263" hits="0"/>
						<line number="265" hits="0"/>
						<line number="266" hits="0"/>
						<line number="268" hits="0"/>
						<line number="269" hits="0"/>
						<line number="272" hits="0"/>
						<line number="273" hits="0"/>
						<line number="274" hits="0"/>
						<line number="275" hits="0"/>
						<line number="277" hits="0"/>
						<line number="278" hits="0"/>
						<line number="279" hits="0"/>
						<line number="281" hits="0"/>
						<line number="283" hits="0"/>
						<line number="284" hits="0"/>
						<line number="285" hits="0"/>
						<line number="287" hits="0"/>
						<line number="288" hits="0"/>
						<line number="291" hits="0"/>
						<line number="292" hits="0"/>
						<line number="293" hits="0"/>
						<line number="295" hits="0"/>
						<line number="296" hits="0"/>
						<line number="297" hits="0"/>
						<line number="299" hits="0"/>
						<line number="302" hits="0"/>
						<line number="304" hits="0"/>
					</lines>
				</class>
			</classes>
		</package>
	</packages>
</coverage>
