<?xml version="1.0" encoding="utf-8"?><testsuites name="pytest tests"><testsuite name="pytest" errors="0" failures="0" skipped="3" tests="261" time="83.689" timestamp="2026-05-26T16:51:22.825260-03:00" hostname="DESKTOP-S8VKQGN"><testcase classname="" name="tests.test_benchmarks" time="0.000"><skipped message="collection skipped">('C:\\Users\\DJ REMIP FLOW\\Projetos\\redis-om-python\\tests\\test_benchmarks.py', 22, "Skipped: could not import 'pytest_benchmark': No module named 'pytest_benchmark'")</skipped></testcase><testcase classname="tests.test_bug_fixes" name="test_issue_108_enum_int_in_query" time="0.573" /><testcase classname="tests.test_bug_fixes" name="test_issue_254_optional_field_retrieval" time="0.200" /><testcase classname="tests.test_bug_fixes" name="test_issue_254_optional_field_with_value" time="0.062" /><testcase classname="tests.test_bug_fixes" name="test_issue_499_in_operator_numeric_fields" time="0.070" /><testcase classname="tests.test_bug_fixes" name="test_issue_499_in_operator_single_value" time="0.065" /><testcase classname="tests.test_bug_fixes" name="test_issue_108_enum_with_in_operator" time="0.069" /><testcase classname="tests.test_cli_migrate" name="test_migrate_status_and_run_and_create_cli" time="1.797" /><testcase classname="tests.test_cli_migrate" name="test_migrate_rollback_cli_dry_run" time="1.243" /><testcase classname="tests.test_datetime_date_fix" name="test_date_timestamp_round_trip_is_tz_independent" time="0.001"><skipped type="pytest.skip" message="time.tzset not available">C:\Users\DJ REMIP FLOW\Projetos\redis-om-python\tests\test_datetime_date_fix.py:42: time.tzset not available</skipped></testcase><testcase classname="tests.test_datetime_date_fix" name="test_hash_model_date_conversion" time="0.018" /><testcase classname="tests.test_datetime_date_fix" name="test_hash_model_date_query_is_tz_independent" time="0.001"><skipped type="pytest.skip" message="time.tzset not available">C:\Users\DJ REMIP FLOW\Projetos\redis-om-python\tests\test_datetime_date_fix.py:114: time.tzset not available</skipped></testcase><testcase classname="tests.test_datetime_date_fix" name="test_json_model_date_conversion" time="0.166" /><testcase classname="tests.test_datetime_fix" name="test_hash_model_datetime_conversion" time="0.018" /><testcase classname="tests.test_datetime_fix" name="test_hash_model_timezone_aware_datetime" time="0.028" /><testcase classname="tests.test_datetime_fix" name="test_json_model_datetime_conversion" time="0.018" /><testcase classname="tests.test_datetime_fix" name="test_json_model_timezone_aware_datetime" time="0.016" /><testcase classname="tests.test_examples" name="test_user_hashmodel_crud" time="0.063" /><testcase classname="tests.test_examples" name="test_user_hashmodel_queries" time="0.091" /><testcase classname="tests.test_examples" name="test_user_full_text_search" time="0.075" /><testcase classname="tests.test_examples" name="test_product_jsonmodel_crud" time="0.081" /><testcase classname="tests.test_examples" name="test_product_jsonmodel_queries" time="0.088" /><testcase classname="tests.test_examples" name="test_order_with_embedded_address" time="0.086" /><testcase classname="tests.test_examples" name="test_task_with_enum_priority" time="0.080" /><testcase classname="tests.test_examples" name="test_order_status_enum" time="0.090" /><testcase classname="tests.test_examples" name="test_sorting_products" time="0.146" /><testcase classname="tests.test_examples" name="test_pagination" time="0.105" /><testcase classname="tests.test_find_query" name="test_find_query_in" time="0.190" /><testcase classname="tests.test_find_query" name="test_find_query_not_in" time="0.071" /><testcase classname="tests.test_find_query" name="test_find_query_eq" time="0.062" /><testcase classname="tests.test_find_query" name="test_find_query_ne" time="0.063" /><testcase classname="tests.test_find_query" name="test_find_query_lt" time="0.067" /><testcase classname="tests.test_find_query" name="test_find_query_le" time="0.066" /><testcase classname="tests.test_find_query" name="test_find_query_gt" time="0.067" /><testcase classname="tests.test_find_query" name="test_find_query_ge" time="0.086" /><testcase classname="tests.test_find_query" name="test_find_query_sort" time="0.078" /><testcase classname="tests.test_find_query" name="test_find_query_sort_desc" time="0.071" /><testcase classname="tests.test_find_query" name="test_find_query_text_search" time="0.066" /><testcase classname="tests.test_find_query" name="test_find_query_text_search_and" time="0.080" /><testcase classname="tests.test_find_query" name="test_find_query_text_search_or" time="0.080" /><testcase classname="tests.test_find_query" name="test_find_query_text_search_not" time="0.078" /><testcase classname="tests.test_find_query" name="test_find_query_text_search_not_and" time="0.089" /><testcase classname="tests.test_find_query" name="test_find_query_text_search_not_or" time="0.105" /><testcase classname="tests.test_find_query" name="test_find_query_text_search_not_or_and" time="0.073" /><testcase classname="tests.test_find_query" name="test_find_query_text_contains" time="0.066" /><testcase classname="tests.test_find_query" name="test_find_query_text_startswith" time="0.066" /><testcase classname="tests.test_find_query" name="test_find_query_text_endswith" time="0.068" /><testcase classname="tests.test_find_query" name="test_find_query_test_fuzzy" time="0.065" /><testcase classname="tests.test_find_query" name="test_find_query_limit_one" time="0.065" /><testcase classname="tests.test_find_query" name="test_find_query_limit_offset" time="0.064" /><testcase classname="tests.test_find_query" name="test_find_query_page_size" time="0.064" /><testcase classname="tests.test_find_query" name="test_find_query_monster" time="0.063" /><testcase classname="tests.test_hash_field_expiration" name="test_field_with_expire_parameter" time="0.062" /><testcase classname="tests.test_hash_field_expiration" name="test_save_applies_field_expiration" time="0.070" /><testcase classname="tests.test_hash_field_expiration" name="test_expire_field_sets_ttl" time="0.070" /><testcase classname="tests.test_hash_field_expiration" name="test_expire_field_nonexistent_field" time="0.070" /><testcase classname="tests.test_hash_field_expiration" name="test_field_ttl_returns_remaining_time" time="0.070" /><testcase classname="tests.test_hash_field_expiration" name="test_field_ttl_no_expiration" time="0.069" /><testcase classname="tests.test_hash_field_expiration" name="test_persist_field_removes_expiration" time="0.072" /><testcase classname="tests.test_hash_field_expiration" name="test_persist_field_no_expiration" time="0.076" /><testcase classname="tests.test_hash_field_expiration" name="test_save_with_field_expirations_param" time="0.073" /><testcase classname="tests.test_hash_field_expiration" name="test_save_field_expirations_overrides_default" time="0.073" /><testcase classname="tests.test_hash_field_expiration" name="test_hexpire_not_available_raises_or_warns" time="0.072" /><testcase classname="tests.test_hash_field_expiration" name="test_check_hash_field_expiration_support" time="0.003" /><testcase classname="tests.test_hash_field_expiration" name="test_update_preserves_field_expiration" time="0.180" /><testcase classname="tests.test_hash_field_expiration" name="test_save_preserves_manually_set_ttl" time="0.094" /><testcase classname="tests.test_hash_field_expiration" name="test_field_expires_after_ttl" time="3.094" /><testcase classname="tests.test_hash_model" name="test_exact_match_queries" time="0.091" /><testcase classname="tests.test_hash_model" name="test_delete_non_exist" time="0.088" /><testcase classname="tests.test_hash_model" name="test_full_text_search_queries" time="0.088" /><testcase classname="tests.test_hash_model" name="test_pagination_queries" time="0.089" /><testcase classname="tests.test_hash_model" name="test_recursive_query_resolution" time="0.086" /><testcase classname="tests.test_hash_model" name="test_tag_queries_boolean_logic" time="0.087" /><testcase classname="tests.test_hash_model" name="test_tag_queries_punctuation" time="0.092" /><testcase classname="tests.test_hash_model" name="test_tag_queries_negation" time="0.089" /><testcase classname="tests.test_hash_model" name="test_numeric_queries" time="0.095" /><testcase classname="tests.test_hash_model" name="test_sorting" time="0.091" /><testcase classname="tests.test_hash_model" name="test_case_sensitive" time="0.088" /><testcase classname="tests.test_hash_model" name="test_validates_required_fields" time="0.067" /><testcase classname="tests.test_hash_model" name="test_validates_field" time="0.067" /><testcase classname="tests.test_hash_model" name="test_validation_passes" time="0.069" /><testcase classname="tests.test_hash_model" name="test_retrieve_first" time="0.090" /><testcase classname="tests.test_hash_model" name="test_saves_model_and_creates_pk" time="0.077" /><testcase classname="tests.test_hash_model" name="test_all_pks" time="0.112" /><testcase classname="tests.test_hash_model" name="test_all_pks_with_complex_pks" time="0.047" /><testcase classname="tests.test_hash_model" name="test_delete" time="0.095" /><testcase classname="tests.test_hash_model" name="test_expire" time="0.089" /><testcase classname="tests.test_hash_model" name="test_raises_error_with_embedded_models" time="0.080" /><testcase classname="tests.test_hash_model" name="test_raises_error_with_dataclasses" time="0.078" /><testcase classname="tests.test_hash_model" name="test_raises_error_with_dicts" time="0.074" /><testcase classname="tests.test_hash_model" name="test_raises_error_with_sets" time="0.081" /><testcase classname="tests.test_hash_model" name="test_raises_error_with_lists" time="0.079" /><testcase classname="tests.test_hash_model" name="test_saves_many" time="0.090" /><testcase classname="tests.test_hash_model" name="test_delete_many" time="0.080" /><testcase classname="tests.test_hash_model" name="test_updates_a_model" time="0.096" /><testcase classname="tests.test_hash_model" name="test_paginate_query" time="0.099" /><testcase classname="tests.test_hash_model" name="test_access_result_by_index_cached" time="0.097" /><testcase classname="tests.test_hash_model" name="test_access_result_by_index_not_cached" time="0.104" /><testcase classname="tests.test_hash_model" name="test_schema" time="0.086" /><testcase classname="tests.test_hash_model" name="test_primary_key_model_error" time="0.184" /><testcase classname="tests.test_hash_model" name="test_primary_pk_exists" time="0.221" /><testcase classname="tests.test_hash_model" name="test_count" time="0.113" /><testcase classname="tests.test_hash_model" name="test_type_with_union" time="0.111" /><testcase classname="tests.test_hash_model" name="test_type_with_uuid" time="0.015" /><testcase classname="tests.test_hash_model" name="test_xfix_queries" time="0.152" /><testcase classname="tests.test_hash_model" name="test_none" time="0.211" /><testcase classname="tests.test_hash_model" name="test_update_validation" time="0.174" /><testcase classname="tests.test_hash_model" name="test_literals" time="0.181" /><testcase classname="tests.test_hash_model" name="test_child_class_expression_proxy" time="0.194" /><testcase classname="tests.test_hash_model" name="test_child_class_expression_proxy_with_mixin" time="0.170" /><testcase classname="tests.test_hash_model" name="test_model_validate_uses_default_values" time="0.009" /><testcase classname="tests.test_hash_model" name="test_model_with_alias_can_be_searched" time="0.204" /><testcase classname="tests.test_hash_model" name="test_can_search_on_coordinates" time="1.707" /><testcase classname="tests.test_hash_model" name="test_does_not_return_coordinates_if_outside_radius" time="0.220" /><testcase classname="tests.test_hash_model" name="test_does_not_return_coordinates_if_location_is_none" time="0.217" /><testcase classname="tests.test_hash_model" name="test_values_method_with_specific_fields" time="0.144" /><testcase classname="tests.test_hash_model" name="test_values_method_all_fields" time="0.139" /><testcase classname="tests.test_hash_model" name="test_only_method_basic" time="0.138" /><testcase classname="tests.test_hash_model" name="test_only_method_error_messages" time="0.135" /><testcase classname="tests.test_hash_model" name="test_values_type_conversion" time="0.143" /><testcase classname="tests.test_hash_model" name="test_only_type_conversion" time="0.154" /><testcase classname="tests.test_hash_model" name="test_boolean_fields_work_with_hash_model" time="0.231" /><testcase classname="tests.test_hash_model" name="test_can_search_on_multiple_fields_with_geo_filter" time="0.233" /><testcase classname="tests.test_hash_model" name="test_save_nx_only_saves_if_not_exists" time="0.338" /><testcase classname="tests.test_hash_model" name="test_save_xx_only_saves_if_exists" time="0.398" /><testcase classname="tests.test_hash_model" name="test_save_nx_xx_mutually_exclusive" time="0.315" /><testcase classname="tests.test_hash_model" name="test_save_nx_with_pipeline_raises_error" time="0.317" /><testcase classname="tests.test_hash_model" name="test_bytes_field_with_binary_data" time="0.236" /><testcase classname="tests.test_hash_model" name="test_optional_bytes_field" time="0.240" /><testcase classname="tests.test_hash_model" name="test_custom_primary_key_pk_property" time="0.247" /><testcase classname="tests.test_hash_model" name="test_hashmodel_vector_field_with_list" time="1.826" /><testcase classname="tests.test_json_model" name="test_validate_bad_email" time="0.129" /><testcase classname="tests.test_json_model" name="test_validate_bad_age" time="0.125" /><testcase classname="tests.test_json_model" name="test_validates_required_fields" time="0.123" /><testcase classname="tests.test_json_model" name="test_validates_field" time="0.122" /><testcase classname="tests.test_json_model" name="test_validation_passes" time="0.125" /><testcase classname="tests.test_json_model" name="test_saves_model_and_creates_pk" time="0.130" /><testcase classname="tests.test_json_model" name="test_all_pks" time="0.191" /><testcase classname="tests.test_json_model" name="test_all_pks_with_complex_pks" time="0.067" /><testcase classname="tests.test_json_model" name="test_delete" time="0.142" /><testcase classname="tests.test_json_model" name="test_saves_many_implicit_pipeline" time="0.140" /><testcase classname="tests.test_json_model" name="test_saves_many_explicit_transaction" time="0.145" /><testcase classname="tests.test_json_model" name="test_delete_many_implicit_pipeline" time="0.142" /><testcase classname="tests.test_json_model" name="test_updates_a_model" time="0.150" /><testcase classname="tests.test_json_model" name="test_paginate_query" time="0.149" /><testcase classname="tests.test_json_model" name="test_access_result_by_index_cached" time="0.140" /><testcase classname="tests.test_json_model" name="test_access_result_by_index_not_cached" time="0.149" /><testcase classname="tests.test_json_model" name="test_in_query" time="0.146" /><testcase classname="tests.test_json_model" name="test_not_in_query" time="0.139" /><testcase classname="tests.test_json_model" name="test_update_query" time="0.374" /><testcase classname="tests.test_json_model" name="test_exact_match_queries" time="0.151" /><testcase classname="tests.test_json_model" name="test_recursive_query_expression_resolution" time="0.135" /><testcase classname="tests.test_json_model" name="test_recursive_query_field_resolution" time="0.193" /><testcase classname="tests.test_json_model" name="test_full_text_search" time="0.148" /><testcase classname="tests.test_json_model" name="test_tag_queries_boolean_logic" time="0.138" /><testcase classname="tests.test_json_model" name="test_tag_queries_punctuation" time="0.145" /><testcase classname="tests.test_json_model" name="test_tag_queries_negation" time="0.147" /><testcase classname="tests.test_json_model" name="test_numeric_queries" time="0.154" /><testcase classname="tests.test_json_model" name="test_sorting" time="0.142" /><testcase classname="tests.test_json_model" name="test_case_sensitive" time="0.145" /><testcase classname="tests.test_json_model" name="test_not_found" time="0.128" /><testcase classname="tests.test_json_model" name="test_list_field_limitations" time="0.443" /><testcase classname="tests.test_json_model" name="test_allows_dataclasses" time="0.139" /><testcase classname="tests.test_json_model" name="test_allows_and_serializes_dicts" time="0.150" /><testcase classname="tests.test_json_model" name="test_allows_and_serializes_sets" time="0.162" /><testcase classname="tests.test_json_model" name="test_allows_and_serializes_lists" time="0.157" /><testcase classname="tests.test_json_model" name="test_schema" time="0.151" /><testcase classname="tests.test_json_model" name="test_count" time="0.164" /><testcase classname="tests.test_json_model" name="test_type_with_union" time="0.162" /><testcase classname="tests.test_json_model" name="test_type_with_uuid" time="0.017" /><testcase classname="tests.test_json_model" name="test_values_method_with_specific_fields" time="0.186" /><testcase classname="tests.test_json_model" name="test_values_method_all_fields" time="0.164" /><testcase classname="tests.test_json_model" name="test_type_with_enum" time="0.304" /><testcase classname="tests.test_json_model" name="test_type_with_list_of_enums" time="0.353" /><testcase classname="tests.test_json_model" name="test_xfix_queries" time="0.169" /><testcase classname="tests.test_json_model" name="test_none" time="0.340" /><testcase classname="tests.test_json_model" name="test_update_validation" time="0.349" /><testcase classname="tests.test_json_model" name="test_model_with_dict" time="0.313" /><testcase classname="tests.test_json_model" name="test_boolean" time="0.358" /><testcase classname="tests.test_json_model" name="test_int_pk" time="0.317" /><testcase classname="tests.test_json_model" name="test_pagination" time="0.627" /><testcase classname="tests.test_json_model" name="test_literals" time="0.330" /><testcase classname="tests.test_json_model" name="test_two_false_pks" time="0.005" /><testcase classname="tests.test_json_model" name="test_child_class_expression_proxy" time="0.365" /><testcase classname="tests.test_json_model" name="test_child_class_expression_proxy_with_mixin" time="0.441" /><testcase classname="tests.test_json_model" name="test_merged_model_error" time="0.008" /><testcase classname="tests.test_json_model" name="test_model_validate_uses_default_values" time="0.007" /><testcase classname="tests.test_json_model" name="test_model_raises_error_if_inherited_from_indexed_model" time="0.006" /><testcase classname="tests.test_json_model" name="test_model_inherited_from_indexed_model" time="0.006" /><testcase classname="tests.test_json_model" name="test_non_indexed_model_raises_error_on_save" time="0.004" /><testcase classname="tests.test_json_model" name="test_model_with_alias_can_be_searched" time="0.413" /><testcase classname="tests.test_json_model" name="test_can_search_on_coordinates" time="0.477" /><testcase classname="tests.test_json_model" name="test_does_not_return_coordinates_if_outside_radius" time="0.472" /><testcase classname="tests.test_json_model" name="test_does_not_return_coordinates_if_location_is_none" time="0.465" /><testcase classname="tests.test_json_model" name="test_can_search_on_multiple_fields_with_geo_filter" time="0.492" /><testcase classname="tests.test_json_model" name="test_tag_field_sortability" time="0.501" /><testcase classname="tests.test_json_model" name="test_save_nx_only_saves_if_not_exists" time="0.728" /><testcase classname="tests.test_json_model" name="test_save_xx_only_saves_if_exists" time="0.691" /><testcase classname="tests.test_json_model" name="test_save_nx_xx_mutually_exclusive" time="0.749" /><testcase classname="tests.test_json_model" name="test_save_nx_with_pipeline" time="0.711" /><testcase classname="tests.test_json_model" name="test_schema_for_fields_does_not_modify_dict_during_iteration" time="0.226" /><testcase classname="tests.test_json_model" name="test_schema_for_fields_with_indexed_fields" time="0.022" /><testcase classname="tests.test_json_model" name="test_schema_for_fields_with_optional_fields" time="0.023" /><testcase classname="tests.test_json_model" name="test_schema_for_fields_with_inherited_fields" time="0.019" /><testcase classname="tests.test_json_model" name="test_schema_for_fields_with_embedded_model" time="0.024" /><testcase classname="tests.test_json_model" name="test_schema_for_fields_with_list_fields" time="0.024" /><testcase classname="tests.test_json_model" name="test_schema_for_fields_field_info_has_annotation" time="0.018" /><testcase classname="tests.test_json_model" name="test_schema_for_fields_with_primary_key" time="0.018" /><testcase classname="tests.test_json_model" name="test_schema_for_fields_with_case_sensitive" time="0.018" /><testcase classname="tests.test_json_model" name="test_bytes_field_with_binary_data" time="0.606" /><testcase classname="tests.test_json_model" name="test_optional_bytes_field" time="1.217" /><testcase classname="tests.test_json_model" name="test_bytes_field_in_embedded_model" time="0.591" /><testcase classname="tests.test_json_model" name="test_custom_primary_key_pk_property" time="0.610" /><testcase classname="tests.test_json_model" name="test_jsonmodel_vector_field_with_list" time="0.546" /><testcase classname="tests.test_knn_expression" name="test_vector_field" time="0.334" /><testcase classname="tests.test_knn_expression" name="test_nested_vector_field" time="0.324" /><testcase classname="tests.test_knn_expression" name="test_or_expression_with_knn" time="0.337" /><testcase classname="tests.test_oss_redis_features" name="test_all_keys" time="0.665" /><testcase classname="tests.test_oss_redis_features" name="test_not_found" time="0.243" /><testcase classname="tests.test_oss_redis_features" name="test_validates_required_fields" time="0.390" /><testcase classname="tests.test_oss_redis_features" name="test_validates_field" time="0.426" /><testcase classname="tests.test_oss_redis_features" name="test_validation_passes" time="0.406" /><testcase classname="tests.test_oss_redis_features" name="test_saves_model_and_creates_pk" time="0.415" /><testcase classname="tests.test_oss_redis_features" name="test_raises_error_with_embedded_models" time="0.380" /><testcase classname="tests.test_oss_redis_features" name="test_saves_many" time="0.428" /><testcase classname="tests.test_oss_redis_features" name="test_updates_a_model" time="0.494" /><testcase classname="tests.test_pydantic_integrations" name="test_email_str" time="0.349" /><testcase classname="tests.test_pydantic_integrations" name="test_validator_sets_value_on_init" time="0.003" /><testcase classname="tests.test_redis_type" name="test_redis_type" time="0.001" /><testcase classname="tests.test_redisvl_integration" name="test_to_redisvl_schema_json_model" time="0.268" /><testcase classname="tests.test_redisvl_integration" name="test_to_redisvl_schema_hash_model" time="1.262" /><testcase classname="tests.test_redisvl_integration" name="test_to_redisvl_schema_non_indexed_raises" time="0.022" /><testcase classname="tests.test_redisvl_integration" name="test_get_redisvl_index_async" time="0.322" /><testcase classname="tests.test_redisvl_integration" name="test_get_redisvl_index_sync" time="0.331" /><testcase classname="tests.test_schema_migrator" name="test_create_migration_file_when_no_ops" time="0.019" /><testcase classname="tests.test_schema_migrator" name="test_create_and_status_empty" time="0.225" /><testcase classname="tests.test_schema_migrator" name="test_rollback_noop" time="0.016" /><testcase classname="tests.test_schema_migrator" name="test_rollback_successful_single_operation" time="0.189" /><testcase classname="tests.test_schema_migrator" name="test_rollback_with_empty_previous_schema" time="0.067" /><testcase classname="tests.test_schema_migrator" name="test_rollback_multiple_operations" time="0.121" /><testcase classname="tests.test_schema_migrator" name="test_rollback_not_supported" time="0.019" /><testcase classname="tests.test_schema_migrator" name="test_rollback_unapplied_migration" time="0.015" /><testcase classname="tests.test_schema_migrator" name="test_rollback_dry_run" time="0.048" /><testcase classname="tests.test_schema_migrator" name="test_rollback_with_redis_command_failure" time="0.032" /><testcase classname="tests.test_schema_migrator" name="test_rollback_state_consistency" time="0.111" /><testcase classname="tests.test_tag_separator.TestFieldSeparatorParameter" name="test_field_accepts_separator_parameter" time="0.001" /><testcase classname="tests.test_tag_separator.TestFieldSeparatorParameter" name="test_field_default_separator_is_pipe" time="0.001" /><testcase classname="tests.test_tag_separator.TestFieldSeparatorParameter" name="test_field_accepts_various_separators" time="0.001" /><testcase classname="tests.test_tag_separator.TestSchemaGeneration" name="test_hash_model_schema_uses_custom_separator" time="0.300" /><testcase classname="tests.test_tag_separator.TestSchemaGeneration" name="test_json_model_schema_uses_custom_separator" time="0.581" /><testcase classname="tests.test_tag_separator.TestSchemaGeneration" name="test_hash_model_schema_uses_default_separator" time="0.576" /><testcase classname="tests.test_tag_separator.TestSchemaGeneration" name="test_json_model_schema_uses_default_separator" time="0.551" /><testcase classname="tests.test_tag_separator.TestEndToEndWithCustomSeparator" name="test_hash_model_save_and_query_with_custom_separator" time="0.599" /><testcase classname="tests.test_tag_separator.TestEndToEndWithCustomSeparator" name="test_json_model_save_and_query_with_custom_separator" time="0.562" /><testcase classname="tests.test_tag_separator.TestEndToEndWithCustomSeparator" name="test_hash_model_query_individual_tag_with_custom_separator" time="0.635" /><testcase classname="tests.test_tag_separator.TestEndToEndWithCustomSeparator" name="test_json_model_query_individual_tag_with_custom_separator" time="0.566" /><testcase classname="tests.test_tag_separator.TestEndToEndWithCustomSeparator" name="test_default_separator_still_works" time="0.596" /><testcase classname="tests.test_tag_separator.TestFullTextSearchWithCustomSeparator" name="test_full_text_search_schema_uses_custom_separator" time="0.015" /><testcase classname="tests.test_tag_separator.TestEdgeCases" name="test_separator_with_non_indexed_field" time="0.001" /><testcase classname="tests.test_tag_separator.TestEdgeCases" name="test_multiple_fields_with_different_separators" time="0.024" /><testcase classname="tests.test_tag_separator.TestEdgeCases" name="test_primary_key_uses_default_separator" time="0.431" /></testsuite></testsuites>