<?xml version="1.0" encoding="utf-8"?><testsuites name="pytest tests"><testsuite name="pytest" errors="0" failures="0" skipped="3" tests="271" time="88.432" timestamp="2026-05-31T17:22:36.836867-03:00" hostname="DESKTOP-S8VKQGN"><testcase classname="" name="tests.test_benchmarks" time="0.000"><skipped message="collection skipped">('C:\\Users\\DJ REMIP FLOW\\Projetos\\redis-om-python\\tests\\test_benchmarks.py', 22, "Skipped: could not import 'pytest_benchmark': No module named 'pytest_benchmark'")</skipped></testcase><testcase classname="tests.test_bug_fixes" name="test_issue_108_enum_int_in_query" time="0.109" /><testcase classname="tests.test_bug_fixes" name="test_issue_254_optional_field_retrieval" time="0.112" /><testcase classname="tests.test_bug_fixes" name="test_issue_254_optional_field_with_value" time="0.146" /><testcase classname="tests.test_bug_fixes" name="test_issue_499_in_operator_numeric_fields" time="0.131" /><testcase classname="tests.test_bug_fixes" name="test_issue_499_in_operator_single_value" time="0.117" /><testcase classname="tests.test_bug_fixes" name="test_issue_108_enum_with_in_operator" time="0.102" /><testcase classname="tests.test_cli_migrate" name="test_migrate_status_and_run_and_create_cli" time="1.779" /><testcase classname="tests.test_cli_migrate" name="test_migrate_rollback_cli_dry_run" time="1.246" /><testcase classname="tests.test_datetime_date_fix" name="test_date_timestamp_round_trip_is_tz_independent" time="0.001"><skipped type="pytest.skip" message="time.tzset not available">C:\Users\DJ REMIP FLOW\Projetos\redis-om-python\tests\test_datetime_date_fix.py:42: time.tzset not available</skipped></testcase><testcase classname="tests.test_datetime_date_fix" name="test_hash_model_date_conversion" time="0.017" /><testcase classname="tests.test_datetime_date_fix" name="test_hash_model_date_query_is_tz_independent" time="0.001"><skipped type="pytest.skip" message="time.tzset not available">C:\Users\DJ REMIP FLOW\Projetos\redis-om-python\tests\test_datetime_date_fix.py:114: time.tzset not available</skipped></testcase><testcase classname="tests.test_datetime_date_fix" name="test_json_model_date_conversion" time="0.016" /><testcase classname="tests.test_datetime_fix" name="test_hash_model_datetime_conversion" time="0.017" /><testcase classname="tests.test_datetime_fix" name="test_hash_model_timezone_aware_datetime" time="0.033" /><testcase classname="tests.test_datetime_fix" name="test_json_model_datetime_conversion" time="0.018" /><testcase classname="tests.test_datetime_fix" name="test_json_model_timezone_aware_datetime" time="0.018" /><testcase classname="tests.test_encoders" name="test_jsonable_encoder_handles_nested_standard_types" time="0.001" /><testcase classname="tests.test_encoders" name="test_jsonable_encoder_custom_encoder_takes_precedence" time="0.001" /><testcase classname="tests.test_encoders" name="test_jsonable_encoder_falls_back_to_vars" time="0.001" /><testcase classname="tests.test_examples" name="test_user_hashmodel_crud" time="0.060" /><testcase classname="tests.test_examples" name="test_user_hashmodel_queries" time="0.088" /><testcase classname="tests.test_examples" name="test_user_full_text_search" time="0.068" /><testcase classname="tests.test_examples" name="test_product_jsonmodel_crud" time="0.079" /><testcase classname="tests.test_examples" name="test_product_jsonmodel_queries" time="0.074" /><testcase classname="tests.test_examples" name="test_order_with_embedded_address" time="0.082" /><testcase classname="tests.test_examples" name="test_task_with_enum_priority" time="0.070" /><testcase classname="tests.test_examples" name="test_order_status_enum" time="0.078" /><testcase classname="tests.test_examples" name="test_sorting_products" time="0.072" /><testcase classname="tests.test_examples" name="test_pagination" time="0.093" /><testcase classname="tests.test_find_query" name="test_find_query_in" time="0.212" /><testcase classname="tests.test_find_query" name="test_find_query_not_in" time="0.116" /><testcase classname="tests.test_find_query" name="test_find_query_eq" time="0.096" /><testcase classname="tests.test_find_query" name="test_find_query_ne" time="0.106" /><testcase classname="tests.test_find_query" name="test_find_query_lt" time="0.107" /><testcase classname="tests.test_find_query" name="test_find_query_le" time="0.102" /><testcase classname="tests.test_find_query" name="test_find_query_gt" time="0.108" /><testcase classname="tests.test_find_query" name="test_find_query_ge" time="0.104" /><testcase classname="tests.test_find_query" name="test_find_query_sort" time="0.104" /><testcase classname="tests.test_find_query" name="test_find_query_sort_desc" time="0.109" /><testcase classname="tests.test_find_query" name="test_find_query_text_search" time="0.110" /><testcase classname="tests.test_find_query" name="test_find_query_text_search_and" time="0.120" /><testcase classname="tests.test_find_query" name="test_find_query_text_search_or" time="0.110" /><testcase classname="tests.test_find_query" name="test_find_query_text_search_not" time="0.096" /><testcase classname="tests.test_find_query" name="test_find_query_text_search_not_and" time="0.116" /><testcase classname="tests.test_find_query" name="test_find_query_text_search_not_or" time="0.115" /><testcase classname="tests.test_find_query" name="test_find_query_text_search_not_or_and" time="0.112" /><testcase classname="tests.test_find_query" name="test_validate_deep_field_path_accepts_nested_embedded_fields" time="0.097" /><testcase classname="tests.test_find_query" name="test_validate_deep_field_path_rejects_invalid_nested_field" time="0.105" /><testcase classname="tests.test_find_query" name="test_validate_deep_field_path_rejects_invalid_root_field" time="0.109" /><testcase classname="tests.test_find_query" name="test_find_query_text_contains" time="0.109" /><testcase classname="tests.test_find_query" name="test_find_query_text_startswith" time="0.117" /><testcase classname="tests.test_find_query" name="test_find_query_text_endswith" time="0.097" /><testcase classname="tests.test_find_query" name="test_find_query_test_fuzzy" time="0.103" /><testcase classname="tests.test_find_query" name="test_find_query_limit_one" time="0.102" /><testcase classname="tests.test_find_query" name="test_find_query_limit_offset" time="0.109" /><testcase classname="tests.test_find_query" name="test_find_query_page_size" time="0.112" /><testcase classname="tests.test_find_query" name="test_find_query_monster" time="0.108" /><testcase classname="tests.test_hash_field_expiration" name="test_field_with_expire_parameter" time="0.113" /><testcase classname="tests.test_hash_field_expiration" name="test_save_applies_field_expiration" time="0.137" /><testcase classname="tests.test_hash_field_expiration" name="test_expire_field_sets_ttl" time="0.124" /><testcase classname="tests.test_hash_field_expiration" name="test_expire_field_nonexistent_field" time="0.210" /><testcase classname="tests.test_hash_field_expiration" name="test_field_ttl_returns_remaining_time" time="0.126" /><testcase classname="tests.test_hash_field_expiration" name="test_field_ttl_no_expiration" time="0.120" /><testcase classname="tests.test_hash_field_expiration" name="test_persist_field_removes_expiration" time="0.136" /><testcase classname="tests.test_hash_field_expiration" name="test_persist_field_no_expiration" time="0.135" /><testcase classname="tests.test_hash_field_expiration" name="test_save_with_field_expirations_param" time="0.121" /><testcase classname="tests.test_hash_field_expiration" name="test_save_field_expirations_overrides_default" time="0.119" /><testcase classname="tests.test_hash_field_expiration" name="test_hexpire_not_available_raises_or_warns" time="0.127" /><testcase classname="tests.test_hash_field_expiration" name="test_check_hash_field_expiration_support" time="0.004" /><testcase classname="tests.test_hash_field_expiration" name="test_update_preserves_field_expiration" time="0.250" /><testcase classname="tests.test_hash_field_expiration" name="test_save_preserves_manually_set_ttl" time="0.142" /><testcase classname="tests.test_hash_field_expiration" name="test_field_expires_after_ttl" time="3.127" /><testcase classname="tests.test_hash_model" name="test_exact_match_queries" time="0.111" /><testcase classname="tests.test_hash_model" name="test_delete_non_exist" time="0.154" /><testcase classname="tests.test_hash_model" name="test_full_text_search_queries" time="0.165" /><testcase classname="tests.test_hash_model" name="test_pagination_queries" time="0.162" /><testcase classname="tests.test_hash_model" name="test_recursive_query_resolution" time="0.157" /><testcase classname="tests.test_hash_model" name="test_tag_queries_boolean_logic" time="0.159" /><testcase classname="tests.test_hash_model" name="test_tag_queries_punctuation" time="0.166" /><testcase classname="tests.test_hash_model" name="test_tag_queries_negation" time="0.162" /><testcase classname="tests.test_hash_model" name="test_numeric_queries" time="0.169" /><testcase classname="tests.test_hash_model" name="test_sorting" time="0.159" /><testcase classname="tests.test_hash_model" name="test_case_sensitive" time="0.181" /><testcase classname="tests.test_hash_model" name="test_validates_required_fields" time="0.141" /><testcase classname="tests.test_hash_model" name="test_validates_field" time="0.133" /><testcase classname="tests.test_hash_model" name="test_validation_passes" time="0.135" /><testcase classname="tests.test_hash_model" name="test_retrieve_first" time="0.149" /><testcase classname="tests.test_hash_model" name="test_saves_model_and_creates_pk" time="0.144" /><testcase classname="tests.test_hash_model" name="test_all_pks" time="0.838" /><testcase classname="tests.test_hash_model" name="test_all_pks_with_complex_pks" time="0.706" /><testcase classname="tests.test_hash_model" name="test_delete" time="0.169" /><testcase classname="tests.test_hash_model" name="test_expire" time="0.157" /><testcase classname="tests.test_hash_model" name="test_raises_error_with_embedded_models" time="0.137" /><testcase classname="tests.test_hash_model" name="test_raises_error_with_dataclasses" time="0.145" /><testcase classname="tests.test_hash_model" name="test_raises_error_with_dicts" time="0.135" /><testcase classname="tests.test_hash_model" name="test_raises_error_with_sets" time="0.144" /><testcase classname="tests.test_hash_model" name="test_raises_error_with_lists" time="0.140" /><testcase classname="tests.test_hash_model" name="test_saves_many" time="0.153" /><testcase classname="tests.test_hash_model" name="test_delete_many" time="0.151" /><testcase classname="tests.test_hash_model" name="test_updates_a_model" time="0.177" /><testcase classname="tests.test_hash_model" name="test_paginate_query" time="0.172" /><testcase classname="tests.test_hash_model" name="test_access_result_by_index_cached" time="0.169" /><testcase classname="tests.test_hash_model" name="test_access_result_by_index_not_cached" time="0.170" /><testcase classname="tests.test_hash_model" name="test_schema" time="0.148" /><testcase classname="tests.test_hash_model" name="test_primary_key_model_error" time="0.331" /><testcase classname="tests.test_hash_model" name="test_primary_pk_exists" time="0.382" /><testcase classname="tests.test_hash_model" name="test_count" time="0.177" /><testcase classname="tests.test_hash_model" name="test_type_with_union" time="0.199" /><testcase classname="tests.test_hash_model" name="test_type_with_uuid" time="0.022" /><testcase classname="tests.test_hash_model" name="test_xfix_queries" time="0.226" /><testcase classname="tests.test_hash_model" name="test_none" time="0.275" /><testcase classname="tests.test_hash_model" name="test_update_validation" time="0.297" /><testcase classname="tests.test_hash_model" name="test_literals" time="0.344" /><testcase classname="tests.test_hash_model" name="test_child_class_expression_proxy" time="0.329" /><testcase classname="tests.test_hash_model" name="test_child_class_expression_proxy_with_mixin" time="0.344" /><testcase classname="tests.test_hash_model" name="test_model_validate_uses_default_values" time="0.007" /><testcase classname="tests.test_hash_model" name="test_model_with_alias_can_be_searched" time="0.373" /><testcase classname="tests.test_hash_model" name="test_can_search_on_coordinates" time="0.369" /><testcase classname="tests.test_hash_model" name="test_does_not_return_coordinates_if_outside_radius" time="0.267" /><testcase classname="tests.test_hash_model" name="test_does_not_return_coordinates_if_location_is_none" time="0.248" /><testcase classname="tests.test_hash_model" name="test_values_method_with_specific_fields" time="0.200" /><testcase classname="tests.test_hash_model" name="test_values_method_all_fields" time="0.250" /><testcase classname="tests.test_hash_model" name="test_only_method_basic" time="0.253" /><testcase classname="tests.test_hash_model" name="test_only_method_error_messages" time="0.253" /><testcase classname="tests.test_hash_model" name="test_values_type_conversion" time="0.267" /><testcase classname="tests.test_hash_model" name="test_only_type_conversion" time="0.261" /><testcase classname="tests.test_hash_model" name="test_boolean_fields_work_with_hash_model" time="0.331" /><testcase classname="tests.test_hash_model" name="test_can_search_on_multiple_fields_with_geo_filter" time="0.258" /><testcase classname="tests.test_hash_model" name="test_save_nx_only_saves_if_not_exists" time="0.487" /><testcase classname="tests.test_hash_model" name="test_save_xx_only_saves_if_exists" time="0.418" /><testcase classname="tests.test_hash_model" name="test_save_nx_xx_mutually_exclusive" time="0.426" /><testcase classname="tests.test_hash_model" name="test_save_nx_with_pipeline_raises_error" time="0.422" /><testcase classname="tests.test_hash_model" name="test_bytes_field_with_binary_data" time="0.237" /><testcase classname="tests.test_hash_model" name="test_optional_bytes_field" time="0.290" /><testcase classname="tests.test_hash_model" name="test_custom_primary_key_pk_property" time="0.287" /><testcase classname="tests.test_hash_model" name="test_hashmodel_vector_field_with_list" time="0.312" /><testcase classname="tests.test_json_model" name="test_validate_bad_email" time="0.180" /><testcase classname="tests.test_json_model" name="test_validate_bad_age" time="0.186" /><testcase classname="tests.test_json_model" name="test_validates_required_fields" time="0.184" /><testcase classname="tests.test_json_model" name="test_validates_field" time="0.181" /><testcase classname="tests.test_json_model" name="test_validation_passes" time="0.208" /><testcase classname="tests.test_json_model" name="test_saves_model_and_creates_pk" time="0.188" /><testcase classname="tests.test_json_model" name="test_all_pks" time="0.517" /><testcase classname="tests.test_json_model" name="test_all_pks_with_complex_pks" time="0.261" /><testcase classname="tests.test_json_model" name="test_delete" time="0.143" /><testcase classname="tests.test_json_model" name="test_saves_many_implicit_pipeline" time="0.275" /><testcase classname="tests.test_json_model" name="test_saves_many_explicit_transaction" time="0.201" /><testcase classname="tests.test_json_model" name="test_delete_many_implicit_pipeline" time="0.179" /><testcase classname="tests.test_json_model" name="test_updates_a_model" time="0.222" /><testcase classname="tests.test_json_model" name="test_paginate_query" time="0.181" /><testcase classname="tests.test_json_model" name="test_access_result_by_index_cached" time="0.194" /><testcase classname="tests.test_json_model" name="test_access_result_by_index_not_cached" time="0.206" /><testcase classname="tests.test_json_model" name="test_in_query" time="0.182" /><testcase classname="tests.test_json_model" name="test_not_in_query" time="0.188" /><testcase classname="tests.test_json_model" name="test_update_query" time="0.207" /><testcase classname="tests.test_json_model" name="test_exact_match_queries" time="0.201" /><testcase classname="tests.test_json_model" name="test_recursive_query_expression_resolution" time="0.172" /><testcase classname="tests.test_json_model" name="test_recursive_query_field_resolution" time="0.205" /><testcase classname="tests.test_json_model" name="test_full_text_search" time="0.195" /><testcase classname="tests.test_json_model" name="test_tag_queries_boolean_logic" time="0.185" /><testcase classname="tests.test_json_model" name="test_tag_queries_punctuation" time="0.196" /><testcase classname="tests.test_json_model" name="test_tag_queries_negation" time="0.201" /><testcase classname="tests.test_json_model" name="test_numeric_queries" time="0.205" /><testcase classname="tests.test_json_model" name="test_sorting" time="0.174" /><testcase classname="tests.test_json_model" name="test_case_sensitive" time="0.194" /><testcase classname="tests.test_json_model" name="test_not_found" time="0.175" /><testcase classname="tests.test_json_model" name="test_list_field_limitations" time="0.500" /><testcase classname="tests.test_json_model" name="test_allows_dataclasses" time="0.193" /><testcase classname="tests.test_json_model" name="test_allows_and_serializes_dicts" time="0.203" /><testcase classname="tests.test_json_model" name="test_allows_and_serializes_sets" time="0.307" /><testcase classname="tests.test_json_model" name="test_allows_and_serializes_lists" time="0.308" /><testcase classname="tests.test_json_model" name="test_schema" time="0.303" /><testcase classname="tests.test_json_model" name="test_count" time="0.310" /><testcase classname="tests.test_json_model" name="test_type_with_union" time="0.208" /><testcase classname="tests.test_json_model" name="test_type_with_uuid" time="0.018" /><testcase classname="tests.test_json_model" name="test_values_method_with_specific_fields" time="0.205" /><testcase classname="tests.test_json_model" name="test_values_method_all_fields" time="0.298" /><testcase classname="tests.test_json_model" name="test_type_with_enum" time="0.333" /><testcase classname="tests.test_json_model" name="test_type_with_list_of_enums" time="0.326" /><testcase classname="tests.test_json_model" name="test_xfix_queries" time="0.172" /><testcase classname="tests.test_json_model" name="test_none" time="0.338" /><testcase classname="tests.test_json_model" name="test_update_validation" time="0.323" /><testcase classname="tests.test_json_model" name="test_model_with_dict" time="0.297" /><testcase classname="tests.test_json_model" name="test_boolean" time="0.336" /><testcase classname="tests.test_json_model" name="test_int_pk" time="0.297" /><testcase classname="tests.test_json_model" name="test_pagination" time="0.641" /><testcase classname="tests.test_json_model" name="test_literals" time="0.399" /><testcase classname="tests.test_json_model" name="test_two_false_pks" time="0.005" /><testcase classname="tests.test_json_model" name="test_child_class_expression_proxy" time="0.390" /><testcase classname="tests.test_json_model" name="test_child_class_expression_proxy_with_mixin" time="0.310" /><testcase classname="tests.test_json_model" name="test_merged_model_error" time="0.015" /><testcase classname="tests.test_json_model" name="test_model_validate_uses_default_values" time="0.007" /><testcase classname="tests.test_json_model" name="test_model_raises_error_if_inherited_from_indexed_model" time="0.005" /><testcase classname="tests.test_json_model" name="test_model_inherited_from_indexed_model" time="0.006" /><testcase classname="tests.test_json_model" name="test_non_indexed_model_raises_error_on_save" time="0.004" /><testcase classname="tests.test_json_model" name="test_model_with_alias_can_be_searched" time="0.369" /><testcase classname="tests.test_json_model" name="test_can_search_on_coordinates" time="0.411" /><testcase classname="tests.test_json_model" name="test_does_not_return_coordinates_if_outside_radius" time="0.423" /><testcase classname="tests.test_json_model" name="test_does_not_return_coordinates_if_location_is_none" time="0.423" /><testcase classname="tests.test_json_model" name="test_can_search_on_multiple_fields_with_geo_filter" time="0.457" /><testcase classname="tests.test_json_model" name="test_tag_field_sortability" time="0.453" /><testcase classname="tests.test_json_model" name="test_save_nx_only_saves_if_not_exists" time="0.681" /><testcase classname="tests.test_json_model" name="test_save_xx_only_saves_if_exists" time="0.624" /><testcase classname="tests.test_json_model" name="test_save_nx_xx_mutually_exclusive" time="0.628" /><testcase classname="tests.test_json_model" name="test_save_nx_with_pipeline" time="0.625" /><testcase classname="tests.test_json_model" name="test_schema_for_fields_does_not_modify_dict_during_iteration" time="0.187" /><testcase classname="tests.test_json_model" name="test_schema_for_fields_with_indexed_fields" time="0.019" /><testcase classname="tests.test_json_model" name="test_schema_for_fields_with_optional_fields" time="0.019" /><testcase classname="tests.test_json_model" name="test_schema_for_fields_with_inherited_fields" time="0.021" /><testcase classname="tests.test_json_model" name="test_schema_for_fields_with_embedded_model" time="0.020" /><testcase classname="tests.test_json_model" name="test_schema_for_fields_with_list_fields" time="0.017" /><testcase classname="tests.test_json_model" name="test_schema_for_fields_field_info_has_annotation" time="0.014" /><testcase classname="tests.test_json_model" name="test_schema_for_fields_with_primary_key" time="0.016" /><testcase classname="tests.test_json_model" name="test_schema_for_fields_with_case_sensitive" time="0.014" /><testcase classname="tests.test_json_model" name="test_bytes_field_with_binary_data" time="0.570" /><testcase classname="tests.test_json_model" name="test_optional_bytes_field" time="0.996" /><testcase classname="tests.test_json_model" name="test_bytes_field_in_embedded_model" time="0.621" /><testcase classname="tests.test_json_model" name="test_custom_primary_key_pk_property" time="0.540" /><testcase classname="tests.test_json_model" name="test_jsonmodel_vector_field_with_list" time="0.490" /><testcase classname="tests.test_json_path_projection" name="test_parse_json_path_projection_as_dict_handles_dict_results" time="0.003" /><testcase classname="tests.test_json_path_projection" name="test_parse_json_path_projection_as_dict_handles_single_path_results" time="0.002" /><testcase classname="tests.test_knn_expression" name="test_vector_field" time="0.288" /><testcase classname="tests.test_knn_expression" name="test_nested_vector_field" time="0.290" /><testcase classname="tests.test_knn_expression" name="test_or_expression_with_knn" time="0.298" /><testcase classname="tests.test_oss_redis_features" name="test_all_keys" time="0.785" /><testcase classname="tests.test_oss_redis_features" name="test_not_found" time="0.235" /><testcase classname="tests.test_oss_redis_features" name="test_validates_required_fields" time="0.391" /><testcase classname="tests.test_oss_redis_features" name="test_validates_field" time="0.393" /><testcase classname="tests.test_oss_redis_features" name="test_validation_passes" time="0.398" /><testcase classname="tests.test_oss_redis_features" name="test_saves_model_and_creates_pk" time="0.421" /><testcase classname="tests.test_oss_redis_features" name="test_raises_error_with_embedded_models" time="0.400" /><testcase classname="tests.test_oss_redis_features" name="test_saves_many" time="0.435" /><testcase classname="tests.test_oss_redis_features" name="test_updates_a_model" time="0.517" /><testcase classname="tests.test_pydantic_integrations" name="test_email_str" time="0.371" /><testcase classname="tests.test_pydantic_integrations" name="test_validator_sets_value_on_init" time="0.003" /><testcase classname="tests.test_redis_type" name="test_redis_type" time="0.001" /><testcase classname="tests.test_redisvl_integration" name="test_to_redisvl_schema_json_model" time="0.216" /><testcase classname="tests.test_redisvl_integration" name="test_to_redisvl_schema_hash_model" time="0.309" /><testcase classname="tests.test_redisvl_integration" name="test_to_redisvl_schema_non_indexed_raises" time="0.022" /><testcase classname="tests.test_redisvl_integration" name="test_get_redisvl_index_async" time="0.280" /><testcase classname="tests.test_redisvl_integration" name="test_get_redisvl_index_sync" time="0.308" /><testcase classname="tests.test_render_tree" name="test_render_tree_matches_documented_layout" time="0.001" /><testcase classname="tests.test_schema_migrator" name="test_create_migration_file_when_no_ops" time="0.017" /><testcase classname="tests.test_schema_migrator" name="test_create_and_status_empty" time="0.205" /><testcase classname="tests.test_schema_migrator" name="test_rollback_noop" time="0.014" /><testcase classname="tests.test_schema_migrator" name="test_rollback_successful_single_operation" time="0.188" /><testcase classname="tests.test_schema_migrator" name="test_rollback_with_empty_previous_schema" time="0.037" /><testcase classname="tests.test_schema_migrator" name="test_rollback_multiple_operations" time="0.115" /><testcase classname="tests.test_schema_migrator" name="test_rollback_not_supported" time="0.016" /><testcase classname="tests.test_schema_migrator" name="test_rollback_unapplied_migration" time="0.014" /><testcase classname="tests.test_schema_migrator" name="test_rollback_dry_run" time="0.043" /><testcase classname="tests.test_schema_migrator" name="test_rollback_with_redis_command_failure" time="0.032" /><testcase classname="tests.test_schema_migrator" name="test_rollback_state_consistency" time="0.103" /><testcase classname="tests.test_tag_separator.TestFieldSeparatorParameter" name="test_field_accepts_separator_parameter" time="0.001" /><testcase classname="tests.test_tag_separator.TestFieldSeparatorParameter" name="test_field_default_separator_is_pipe" time="0.001" /><testcase classname="tests.test_tag_separator.TestFieldSeparatorParameter" name="test_field_accepts_various_separators" time="0.001" /><testcase classname="tests.test_tag_separator.TestSchemaGeneration" name="test_hash_model_schema_uses_custom_separator" time="0.269" /><testcase classname="tests.test_tag_separator.TestSchemaGeneration" name="test_json_model_schema_uses_custom_separator" time="0.641" /><testcase classname="tests.test_tag_separator.TestSchemaGeneration" name="test_hash_model_schema_uses_default_separator" time="0.654" /><testcase classname="tests.test_tag_separator.TestSchemaGeneration" name="test_json_model_schema_uses_default_separator" time="0.643" /><testcase classname="tests.test_tag_separator.TestEndToEndWithCustomSeparator" name="test_hash_model_save_and_query_with_custom_separator" time="0.704" /><testcase classname="tests.test_tag_separator.TestEndToEndWithCustomSeparator" name="test_json_model_save_and_query_with_custom_separator" time="0.657" /><testcase classname="tests.test_tag_separator.TestEndToEndWithCustomSeparator" name="test_hash_model_query_individual_tag_with_custom_separator" time="0.686" /><testcase classname="tests.test_tag_separator.TestEndToEndWithCustomSeparator" name="test_json_model_query_individual_tag_with_custom_separator" time="0.670" /><testcase classname="tests.test_tag_separator.TestEndToEndWithCustomSeparator" name="test_default_separator_still_works" time="0.656" /><testcase classname="tests.test_tag_separator.TestFullTextSearchWithCustomSeparator" name="test_full_text_search_schema_uses_custom_separator" time="0.018" /><testcase classname="tests.test_tag_separator.TestEdgeCases" name="test_separator_with_non_indexed_field" time="0.001" /><testcase classname="tests.test_tag_separator.TestEdgeCases" name="test_multiple_fields_with_different_separators" time="0.018" /><testcase classname="tests.test_tag_separator.TestEdgeCases" name="test_primary_key_uses_default_separator" time="0.017" /><testcase classname="tests.test_timestamp_conversion" name="test_convert_timestamp_to_datetime_handles_nested_models" time="0.651" /></testsuite></testsuites>